{"C:\\Users\\padang pandanaran\\Desktop\\hacktiv8\\p3\\server-famstrack\\app.js": {"path":"C:\\Users\\padang pandanaran\\Desktop\\hacktiv8\\p3\\server-famstrack\\app.js","statementMap":{"0":{"start":{"line":1,"column":16},"end":{"line":1,"column":34}},"1":{"start":{"line":2,"column":13},"end":{"line":2,"column":28}},"2":{"start":{"line":3,"column":20},"end":{"line":3,"column":39}},"3":{"start":{"line":4,"column":21},"end":{"line":4,"column":58}},"4":{"start":{"line":6,"column":12},"end":{"line":6,"column":21}},"5":{"start":{"line":8,"column":0},"end":{"line":8,"column":24}},"6":{"start":{"line":9,"column":0},"end":{"line":9,"column":48}},"7":{"start":{"line":11,"column":0},"end":{"line":11,"column":16}},"8":{"start":{"line":12,"column":0},"end":{"line":12,"column":21}},"9":{"start":{"line":13,"column":0},"end":{"line":13,"column":21}},"10":{"start":{"line":15,"column":0},"end":{"line":15,"column":20}}},"fnMap":{},"branchMap":{},"s":{"0":7,"1":7,"2":7,"3":7,"4":7,"5":7,"6":7,"7":7,"8":7,"9":7,"10":7},"f":{},"b":{},"_coverageSchema":"1a1c01bbd47fc00a2c39e90264f33305004495a9","hash":"cc2d566cc138c8683e6e1e0b316dc6c74f938d47"}
,"C:\\Users\\padang pandanaran\\Desktop\\hacktiv8\\p3\\server-famstrack\\__test__\\helpers\\clear-client.js": {"path":"C:\\Users\\padang pandanaran\\Desktop\\hacktiv8\\p3\\server-famstrack\\__test__\\helpers\\clear-client.js","statementMap":{"0":{"start":{"line":1,"column":19},"end":{"line":1,"column":42}},"1":{"start":{"line":3,"column":20},"end":{"line":5,"column":1}},"2":{"start":{"line":4,"column":2},"end":{"line":4,"column":38}},"3":{"start":{"line":7,"column":0},"end":{"line":7,"column":29}}},"fnMap":{"0":{"name":"(anonymous_0)","decl":{"start":{"line":3,"column":20},"end":{"line":3,"column":21}},"loc":{"start":{"line":3,"column":26},"end":{"line":5,"column":1}},"line":3}},"branchMap":{},"s":{"0":1,"1":1,"2":1,"3":1},"f":{"0":1},"b":{},"_coverageSchema":"1a1c01bbd47fc00a2c39e90264f33305004495a9","hash":"992e34f4ea6cd3a725f468963375ac75c92912bd"}
,"C:\\Users\\padang pandanaran\\Desktop\\hacktiv8\\p3\\server-famstrack\\__test__\\helpers\\clear-device.js": {"path":"C:\\Users\\padang pandanaran\\Desktop\\hacktiv8\\p3\\server-famstrack\\__test__\\helpers\\clear-device.js","statementMap":{"0":{"start":{"line":1,"column":19},"end":{"line":1,"column":42}},"1":{"start":{"line":3,"column":20},"end":{"line":5,"column":1}},"2":{"start":{"line":4,"column":2},"end":{"line":4,"column":38}},"3":{"start":{"line":7,"column":0},"end":{"line":7,"column":29}}},"fnMap":{"0":{"name":"(anonymous_0)","decl":{"start":{"line":3,"column":20},"end":{"line":3,"column":21}},"loc":{"start":{"line":3,"column":26},"end":{"line":5,"column":1}},"line":3}},"branchMap":{},"s":{"0":1,"1":1,"2":1,"3":1},"f":{"0":1},"b":{},"_coverageSchema":"1a1c01bbd47fc00a2c39e90264f33305004495a9","hash":"f0a743f54168fd82f4632022f4b5963351268c66"}
,"C:\\Users\\padang pandanaran\\Desktop\\hacktiv8\\p3\\server-famstrack\\__test__\\helpers\\clear-family.js": {"path":"C:\\Users\\padang pandanaran\\Desktop\\hacktiv8\\p3\\server-famstrack\\__test__\\helpers\\clear-family.js","statementMap":{"0":{"start":{"line":1,"column":19},"end":{"line":1,"column":42}},"1":{"start":{"line":3,"column":20},"end":{"line":5,"column":1}},"2":{"start":{"line":4,"column":2},"end":{"line":4,"column":38}},"3":{"start":{"line":7,"column":0},"end":{"line":7,"column":29}}},"fnMap":{"0":{"name":"(anonymous_0)","decl":{"start":{"line":3,"column":20},"end":{"line":3,"column":21}},"loc":{"start":{"line":3,"column":26},"end":{"line":5,"column":1}},"line":3}},"branchMap":{},"s":{"0":1,"1":1,"2":1,"3":1},"f":{"0":1},"b":{},"_coverageSchema":"1a1c01bbd47fc00a2c39e90264f33305004495a9","hash":"abed06b63c445b3936e1f5c9c49edaf92a35eaca"}
,"C:\\Users\\padang pandanaran\\Desktop\\hacktiv8\\p3\\server-famstrack\\__test__\\helpers\\clear-groups.js": {"path":"C:\\Users\\padang pandanaran\\Desktop\\hacktiv8\\p3\\server-famstrack\\__test__\\helpers\\clear-groups.js","statementMap":{"0":{"start":{"line":1,"column":18},"end":{"line":1,"column":41}},"1":{"start":{"line":2,"column":15},"end":{"line":2,"column":35}},"2":{"start":{"line":4,"column":19},"end":{"line":12,"column":1}},"3":{"start":{"line":5,"column":2},"end":{"line":11,"column":4}},"4":{"start":{"line":14,"column":0},"end":{"line":14,"column":28}}},"fnMap":{"0":{"name":"(anonymous_0)","decl":{"start":{"line":4,"column":19},"end":{"line":4,"column":20}},"loc":{"start":{"line":4,"column":30},"end":{"line":12,"column":1}},"line":4}},"branchMap":{},"s":{"0":1,"1":1,"2":1,"3":1,"4":1},"f":{"0":1},"b":{},"_coverageSchema":"1a1c01bbd47fc00a2c39e90264f33305004495a9","hash":"98ff950060a4566004eec7d6b8612e6275a5a919"}
,"C:\\Users\\padang pandanaran\\Desktop\\hacktiv8\\p3\\server-famstrack\\__test__\\helpers\\clear-news.js": {"path":"C:\\Users\\padang pandanaran\\Desktop\\hacktiv8\\p3\\server-famstrack\\__test__\\helpers\\clear-news.js","statementMap":{"0":{"start":{"line":1,"column":17},"end":{"line":1,"column":40}},"1":{"start":{"line":2,"column":15},"end":{"line":2,"column":35}},"2":{"start":{"line":4,"column":18},"end":{"line":12,"column":1}},"3":{"start":{"line":5,"column":2},"end":{"line":11,"column":4}},"4":{"start":{"line":14,"column":0},"end":{"line":14,"column":27}}},"fnMap":{"0":{"name":"(anonymous_0)","decl":{"start":{"line":4,"column":18},"end":{"line":4,"column":19}},"loc":{"start":{"line":4,"column":29},"end":{"line":12,"column":1}},"line":4}},"branchMap":{},"s":{"0":1,"1":1,"2":1,"3":1,"4":1},"f":{"0":1},"b":{},"_coverageSchema":"1a1c01bbd47fc00a2c39e90264f33305004495a9","hash":"6651f13cbf499a8f2e945999e276a1a66906b168"}
,"C:\\Users\\padang pandanaran\\Desktop\\hacktiv8\\p3\\server-famstrack\\__test__\\helpers\\clear-schedule.js": {"path":"C:\\Users\\padang pandanaran\\Desktop\\hacktiv8\\p3\\server-famstrack\\__test__\\helpers\\clear-schedule.js","statementMap":{"0":{"start":{"line":1,"column":21},"end":{"line":1,"column":44}},"1":{"start":{"line":2,"column":15},"end":{"line":2,"column":35}},"2":{"start":{"line":4,"column":22},"end":{"line":12,"column":1}},"3":{"start":{"line":5,"column":2},"end":{"line":11,"column":4}},"4":{"start":{"line":14,"column":0},"end":{"line":14,"column":31}}},"fnMap":{"0":{"name":"(anonymous_0)","decl":{"start":{"line":4,"column":22},"end":{"line":4,"column":23}},"loc":{"start":{"line":4,"column":33},"end":{"line":12,"column":1}},"line":4}},"branchMap":{},"s":{"0":1,"1":1,"2":1,"3":1,"4":1},"f":{"0":1},"b":{},"_coverageSchema":"1a1c01bbd47fc00a2c39e90264f33305004495a9","hash":"769727f3c3b032c4cc233e68ca3c76ddbe596b00"}
,"C:\\Users\\padang pandanaran\\Desktop\\hacktiv8\\p3\\server-famstrack\\__test__\\helpers\\clear-user.js": {"path":"C:\\Users\\padang pandanaran\\Desktop\\hacktiv8\\p3\\server-famstrack\\__test__\\helpers\\clear-user.js","statementMap":{"0":{"start":{"line":1,"column":17},"end":{"line":1,"column":40}},"1":{"start":{"line":2,"column":15},"end":{"line":2,"column":35}},"2":{"start":{"line":4,"column":18},"end":{"line":12,"column":1}},"3":{"start":{"line":5,"column":2},"end":{"line":11,"column":4}},"4":{"start":{"line":14,"column":0},"end":{"line":14,"column":27}}},"fnMap":{"0":{"name":"(anonymous_0)","decl":{"start":{"line":4,"column":18},"end":{"line":4,"column":19}},"loc":{"start":{"line":4,"column":29},"end":{"line":12,"column":1}},"line":4}},"branchMap":{},"s":{"0":1,"1":1,"2":1,"3":1,"4":1},"f":{"0":1},"b":{},"_coverageSchema":"1a1c01bbd47fc00a2c39e90264f33305004495a9","hash":"1c1bd6940b97418a5f5eae8d8e071db81d506bac"}
,"C:\\Users\\padang pandanaran\\Desktop\\hacktiv8\\p3\\server-famstrack\\config\\config.js": {"path":"C:\\Users\\padang pandanaran\\Desktop\\hacktiv8\\p3\\server-famstrack\\config\\config.js","statementMap":{"0":{"start":{"line":1,"column":12},"end":{"line":1,"column":49}},"1":{"start":{"line":2,"column":21},"end":{"line":2,"column":38}},"2":{"start":{"line":4,"column":0},"end":{"line":4,"column":72}},"3":{"start":{"line":4,"column":45},"end":{"line":4,"column":72}},"4":{"start":{"line":6,"column":17},"end":{"line":6,"column":59}},"5":{"start":{"line":7,"column":17},"end":{"line":7,"column":59}},"6":{"start":{"line":8,"column":17},"end":{"line":8,"column":55}},"7":{"start":{"line":9,"column":13},"end":{"line":9,"column":51}},"8":{"start":{"line":10,"column":16},"end":{"line":10,"column":57}},"9":{"start":{"line":13,"column":0},"end":{"line":37,"column":1}}},"fnMap":{},"branchMap":{"0":{"loc":{"start":{"line":1,"column":12},"end":{"line":1,"column":49}},"type":"binary-expr","locations":[{"start":{"line":1,"column":12},"end":{"line":1,"column":32}},{"start":{"line":1,"column":36},"end":{"line":1,"column":49}}],"line":1},"1":{"loc":{"start":{"line":4,"column":0},"end":{"line":4,"column":72}},"type":"if","locations":[{"start":{"line":4,"column":0},"end":{"line":4,"column":72}},{"start":{"line":4,"column":0},"end":{"line":4,"column":72}}],"line":4},"2":{"loc":{"start":{"line":4,"column":4},"end":{"line":4,"column":43}},"type":"binary-expr","locations":[{"start":{"line":4,"column":4},"end":{"line":4,"column":25}},{"start":{"line":4,"column":29},"end":{"line":4,"column":43}}],"line":4}},"s":{"0":7,"1":7,"2":7,"3":7,"4":7,"5":7,"6":7,"7":7,"8":7,"9":7},"f":{},"b":{"0":[7,0],"1":[7,0],"2":[7,7]},"_coverageSchema":"1a1c01bbd47fc00a2c39e90264f33305004495a9","hash":"929665005d047a1c220267f23a238f8f815afd8c"}
,"C:\\Users\\padang pandanaran\\Desktop\\hacktiv8\\p3\\server-famstrack\\controllers\\authController.js": {"path":"C:\\Users\\padang pandanaran\\Desktop\\hacktiv8\\p3\\server-famstrack\\controllers\\authController.js","statementMap":{"0":{"start":{"line":1,"column":17},"end":{"line":1,"column":37}},"1":{"start":{"line":2,"column":28},"end":{"line":2,"column":54}},"2":{"start":{"line":3,"column":22},"end":{"line":3,"column":57}},"3":{"start":{"line":7,"column":4},"end":{"line":26,"column":5}},"4":{"start":{"line":8,"column":34},"end":{"line":8,"column":42}},"5":{"start":{"line":10,"column":19},"end":{"line":10,"column":59}},"6":{"start":{"line":11,"column":6},"end":{"line":11,"column":48}},"7":{"start":{"line":11,"column":17},"end":{"line":11,"column":48}},"8":{"start":{"line":13,"column":28},"end":{"line":13,"column":68}},"9":{"start":{"line":14,"column":6},"end":{"line":14,"column":64}},"10":{"start":{"line":14,"column":26},"end":{"line":14,"column":64}},"11":{"start":{"line":16,"column":22},"end":{"line":20,"column":7}},"12":{"start":{"line":21,"column":27},"end":{"line":21,"column":49}},"13":{"start":{"line":23,"column":6},"end":{"line":23,"column":52}},"14":{"start":{"line":25,"column":6},"end":{"line":25,"column":25}},"15":{"start":{"line":30,"column":4},"end":{"line":43,"column":5}},"16":{"start":{"line":31,"column":40},"end":{"line":31,"column":48}},"17":{"start":{"line":32,"column":20},"end":{"line":32,"column":45}},"18":{"start":{"line":34,"column":21},"end":{"line":34,"column":45}},"19":{"start":{"line":36,"column":6},"end":{"line":40,"column":8}},"20":{"start":{"line":42,"column":6},"end":{"line":42,"column":24}},"21":{"start":{"line":47,"column":0},"end":{"line":47,"column":32}}},"fnMap":{"0":{"name":"(anonymous_0)","decl":{"start":{"line":6,"column":2},"end":{"line":6,"column":3}},"loc":{"start":{"line":6,"column":37},"end":{"line":27,"column":3}},"line":6},"1":{"name":"(anonymous_1)","decl":{"start":{"line":29,"column":2},"end":{"line":29,"column":3}},"loc":{"start":{"line":29,"column":40},"end":{"line":44,"column":3}},"line":29}},"branchMap":{"0":{"loc":{"start":{"line":11,"column":6},"end":{"line":11,"column":48}},"type":"if","locations":[{"start":{"line":11,"column":6},"end":{"line":11,"column":48}},{"start":{"line":11,"column":6},"end":{"line":11,"column":48}}],"line":11},"1":{"loc":{"start":{"line":14,"column":6},"end":{"line":14,"column":64}},"type":"if","locations":[{"start":{"line":14,"column":6},"end":{"line":14,"column":64}},{"start":{"line":14,"column":6},"end":{"line":14,"column":64}}],"line":14}},"s":{"0":7,"1":7,"2":7,"3":16,"4":16,"5":16,"6":16,"7":2,"8":16,"9":14,"10":1,"11":13,"12":13,"13":13,"14":2,"15":7,"16":7,"17":7,"18":7,"19":1,"20":6,"21":7},"f":{"0":16,"1":7},"b":{"0":[2,14],"1":[1,13]},"_coverageSchema":"1a1c01bbd47fc00a2c39e90264f33305004495a9","hash":"e4f753a16f1baec9ec86012aa723d15829092202"}
,"C:\\Users\\padang pandanaran\\Desktop\\hacktiv8\\p3\\server-famstrack\\controllers\\clientController.js": {"path":"C:\\Users\\padang pandanaran\\Desktop\\hacktiv8\\p3\\server-famstrack\\controllers\\clientController.js","statementMap":{"0":{"start":{"line":1,"column":27},"end":{"line":1,"column":47}},"1":{"start":{"line":5,"column":4},"end":{"line":11,"column":5}},"2":{"start":{"line":6,"column":21},"end":{"line":6,"column":43}},"3":{"start":{"line":8,"column":6},"end":{"line":8,"column":42}},"4":{"start":{"line":10,"column":6},"end":{"line":10,"column":24}},"5":{"start":{"line":15,"column":4},"end":{"line":24,"column":5}},"6":{"start":{"line":16,"column":21},"end":{"line":16,"column":31}},"7":{"start":{"line":18,"column":21},"end":{"line":18,"column":46}},"8":{"start":{"line":19,"column":6},"end":{"line":19,"column":53}},"9":{"start":{"line":19,"column":19},"end":{"line":19,"column":53}},"10":{"start":{"line":21,"column":6},"end":{"line":21,"column":42}},"11":{"start":{"line":23,"column":6},"end":{"line":23,"column":24}},"12":{"start":{"line":28,"column":4},"end":{"line":42,"column":5}},"13":{"start":{"line":29,"column":87},"end":{"line":29,"column":95}},"14":{"start":{"line":30,"column":20},"end":{"line":30,"column":92}},"15":{"start":{"line":32,"column":6},"end":{"line":35,"column":7}},"16":{"start":{"line":33,"column":23},"end":{"line":33,"column":56}},"17":{"start":{"line":34,"column":8},"end":{"line":34,"column":55}},"18":{"start":{"line":34,"column":21},"end":{"line":34,"column":55}},"19":{"start":{"line":37,"column":21},"end":{"line":37,"column":47}},"20":{"start":{"line":38,"column":6},"end":{"line":38,"column":42}},"21":{"start":{"line":41,"column":6},"end":{"line":41,"column":24}},"22":{"start":{"line":46,"column":4},"end":{"line":66,"column":5}},"23":{"start":{"line":47,"column":21},"end":{"line":47,"column":31}},"24":{"start":{"line":48,"column":87},"end":{"line":48,"column":95}},"25":{"start":{"line":49,"column":20},"end":{"line":49,"column":92}},"26":{"start":{"line":51,"column":21},"end":{"line":51,"column":46}},"27":{"start":{"line":52,"column":6},"end":{"line":52,"column":53}},"28":{"start":{"line":52,"column":19},"end":{"line":52,"column":53}},"29":{"start":{"line":54,"column":6},"end":{"line":57,"column":7}},"30":{"start":{"line":55,"column":23},"end":{"line":55,"column":56}},"31":{"start":{"line":56,"column":8},"end":{"line":56,"column":55}},"32":{"start":{"line":56,"column":21},"end":{"line":56,"column":55}},"33":{"start":{"line":59,"column":6},"end":{"line":59,"column":52}},"34":{"start":{"line":60,"column":6},"end":{"line":60,"column":28}},"35":{"start":{"line":62,"column":6},"end":{"line":62,"column":41}},"36":{"start":{"line":65,"column":6},"end":{"line":65,"column":25}},"37":{"start":{"line":70,"column":4},"end":{"line":82,"column":5}},"38":{"start":{"line":71,"column":21},"end":{"line":71,"column":31}},"39":{"start":{"line":72,"column":21},"end":{"line":72,"column":46}},"40":{"start":{"line":74,"column":6},"end":{"line":74,"column":53}},"41":{"start":{"line":74,"column":19},"end":{"line":74,"column":53}},"42":{"start":{"line":75,"column":6},"end":{"line":75,"column":29}},"43":{"start":{"line":77,"column":6},"end":{"line":79,"column":8}},"44":{"start":{"line":81,"column":6},"end":{"line":81,"column":25}},"45":{"start":{"line":86,"column":0},"end":{"line":86,"column":33}}},"fnMap":{"0":{"name":"(anonymous_0)","decl":{"start":{"line":4,"column":2},"end":{"line":4,"column":3}},"loc":{"start":{"line":4,"column":38},"end":{"line":12,"column":3}},"line":4},"1":{"name":"(anonymous_1)","decl":{"start":{"line":14,"column":2},"end":{"line":14,"column":3}},"loc":{"start":{"line":14,"column":35},"end":{"line":25,"column":3}},"line":14},"2":{"name":"(anonymous_2)","decl":{"start":{"line":27,"column":2},"end":{"line":27,"column":3}},"loc":{"start":{"line":27,"column":37},"end":{"line":43,"column":3}},"line":27},"3":{"name":"(anonymous_3)","decl":{"start":{"line":45,"column":2},"end":{"line":45,"column":3}},"loc":{"start":{"line":45,"column":38},"end":{"line":67,"column":3}},"line":45},"4":{"name":"(anonymous_4)","decl":{"start":{"line":69,"column":2},"end":{"line":69,"column":3}},"loc":{"start":{"line":69,"column":39},"end":{"line":83,"column":3}},"line":69}},"branchMap":{"0":{"loc":{"start":{"line":19,"column":6},"end":{"line":19,"column":53}},"type":"if","locations":[{"start":{"line":19,"column":6},"end":{"line":19,"column":53}},{"start":{"line":19,"column":6},"end":{"line":19,"column":53}}],"line":19},"1":{"loc":{"start":{"line":32,"column":6},"end":{"line":35,"column":7}},"type":"if","locations":[{"start":{"line":32,"column":6},"end":{"line":35,"column":7}},{"start":{"line":32,"column":6},"end":{"line":35,"column":7}}],"line":32},"2":{"loc":{"start":{"line":34,"column":8},"end":{"line":34,"column":55}},"type":"if","locations":[{"start":{"line":34,"column":8},"end":{"line":34,"column":55}},{"start":{"line":34,"column":8},"end":{"line":34,"column":55}}],"line":34},"3":{"loc":{"start":{"line":52,"column":6},"end":{"line":52,"column":53}},"type":"if","locations":[{"start":{"line":52,"column":6},"end":{"line":52,"column":53}},{"start":{"line":52,"column":6},"end":{"line":52,"column":53}}],"line":52},"4":{"loc":{"start":{"line":54,"column":6},"end":{"line":57,"column":7}},"type":"if","locations":[{"start":{"line":54,"column":6},"end":{"line":57,"column":7}},{"start":{"line":54,"column":6},"end":{"line":57,"column":7}}],"line":54},"5":{"loc":{"start":{"line":56,"column":8},"end":{"line":56,"column":55}},"type":"if","locations":[{"start":{"line":56,"column":8},"end":{"line":56,"column":55}},{"start":{"line":56,"column":8},"end":{"line":56,"column":55}}],"line":56},"6":{"loc":{"start":{"line":74,"column":6},"end":{"line":74,"column":53}},"type":"if","locations":[{"start":{"line":74,"column":6},"end":{"line":74,"column":53}},{"start":{"line":74,"column":6},"end":{"line":74,"column":53}}],"line":74}},"s":{"0":7,"1":1,"2":1,"3":1,"4":0,"5":2,"6":2,"7":2,"8":2,"9":1,"10":1,"11":0,"12":9,"13":9,"14":9,"15":9,"16":7,"17":7,"18":0,"19":9,"20":2,"21":7,"22":8,"23":8,"24":8,"25":8,"26":8,"27":8,"28":0,"29":8,"30":6,"31":6,"32":0,"33":8,"34":1,"35":1,"36":7,"37":2,"38":2,"39":2,"40":2,"41":1,"42":1,"43":1,"44":0,"45":7},"f":{"0":1,"1":2,"2":9,"3":8,"4":2},"b":{"0":[1,1],"1":[7,2],"2":[0,7],"3":[0,8],"4":[6,2],"5":[0,6],"6":[1,1]},"_coverageSchema":"1a1c01bbd47fc00a2c39e90264f33305004495a9","hash":"1a414223719c4d4a9f104fe70e2ac9c0e02214af"}
,"C:\\Users\\padang pandanaran\\Desktop\\hacktiv8\\p3\\server-famstrack\\controllers\\deviceController.js": {"path":"C:\\Users\\padang pandanaran\\Desktop\\hacktiv8\\p3\\server-famstrack\\controllers\\deviceController.js","statementMap":{"0":{"start":{"line":1,"column":27},"end":{"line":1,"column":47}},"1":{"start":{"line":5,"column":4},"end":{"line":10,"column":5}},"2":{"start":{"line":6,"column":21},"end":{"line":6,"column":43}},"3":{"start":{"line":7,"column":6},"end":{"line":7,"column":42}},"4":{"start":{"line":9,"column":6},"end":{"line":9,"column":24}},"5":{"start":{"line":14,"column":4},"end":{"line":23,"column":5}},"6":{"start":{"line":15,"column":21},"end":{"line":15,"column":31}},"7":{"start":{"line":17,"column":21},"end":{"line":17,"column":46}},"8":{"start":{"line":18,"column":6},"end":{"line":18,"column":53}},"9":{"start":{"line":18,"column":19},"end":{"line":18,"column":53}},"10":{"start":{"line":20,"column":6},"end":{"line":20,"column":42}},"11":{"start":{"line":22,"column":6},"end":{"line":22,"column":24}},"12":{"start":{"line":27,"column":4},"end":{"line":40,"column":5}},"13":{"start":{"line":28,"column":93},"end":{"line":28,"column":101}},"14":{"start":{"line":29,"column":20},"end":{"line":29,"column":129}},"15":{"start":{"line":31,"column":6},"end":{"line":34,"column":7}},"16":{"start":{"line":32,"column":23},"end":{"line":32,"column":54}},"17":{"start":{"line":33,"column":8},"end":{"line":33,"column":55}},"18":{"start":{"line":33,"column":21},"end":{"line":33,"column":55}},"19":{"start":{"line":36,"column":21},"end":{"line":36,"column":47}},"20":{"start":{"line":37,"column":6},"end":{"line":37,"column":42}},"21":{"start":{"line":39,"column":6},"end":{"line":39,"column":24}},"22":{"start":{"line":44,"column":4},"end":{"line":63,"column":5}},"23":{"start":{"line":45,"column":21},"end":{"line":45,"column":31}},"24":{"start":{"line":46,"column":93},"end":{"line":46,"column":101}},"25":{"start":{"line":47,"column":20},"end":{"line":47,"column":129}},"26":{"start":{"line":49,"column":21},"end":{"line":49,"column":46}},"27":{"start":{"line":50,"column":6},"end":{"line":50,"column":53}},"28":{"start":{"line":50,"column":19},"end":{"line":50,"column":53}},"29":{"start":{"line":52,"column":6},"end":{"line":55,"column":7}},"30":{"start":{"line":53,"column":23},"end":{"line":53,"column":54}},"31":{"start":{"line":54,"column":8},"end":{"line":54,"column":55}},"32":{"start":{"line":54,"column":21},"end":{"line":54,"column":55}},"33":{"start":{"line":57,"column":6},"end":{"line":57,"column":52}},"34":{"start":{"line":58,"column":6},"end":{"line":58,"column":28}},"35":{"start":{"line":60,"column":6},"end":{"line":60,"column":41}},"36":{"start":{"line":62,"column":6},"end":{"line":62,"column":24}},"37":{"start":{"line":67,"column":4},"end":{"line":81,"column":5}},"38":{"start":{"line":68,"column":21},"end":{"line":68,"column":31}},"39":{"start":{"line":69,"column":65},"end":{"line":69,"column":73}},"40":{"start":{"line":70,"column":20},"end":{"line":70,"column":70}},"41":{"start":{"line":72,"column":21},"end":{"line":72,"column":46}},"42":{"start":{"line":73,"column":6},"end":{"line":73,"column":53}},"43":{"start":{"line":73,"column":19},"end":{"line":73,"column":53}},"44":{"start":{"line":75,"column":6},"end":{"line":75,"column":52}},"45":{"start":{"line":76,"column":6},"end":{"line":76,"column":28}},"46":{"start":{"line":78,"column":6},"end":{"line":78,"column":41}},"47":{"start":{"line":80,"column":6},"end":{"line":80,"column":24}},"48":{"start":{"line":85,"column":4},"end":{"line":97,"column":5}},"49":{"start":{"line":86,"column":21},"end":{"line":86,"column":31}},"50":{"start":{"line":87,"column":21},"end":{"line":87,"column":46}},"51":{"start":{"line":89,"column":6},"end":{"line":89,"column":53}},"52":{"start":{"line":89,"column":19},"end":{"line":89,"column":53}},"53":{"start":{"line":90,"column":6},"end":{"line":90,"column":29}},"54":{"start":{"line":92,"column":6},"end":{"line":94,"column":8}},"55":{"start":{"line":96,"column":6},"end":{"line":96,"column":24}},"56":{"start":{"line":101,"column":0},"end":{"line":101,"column":34}}},"fnMap":{"0":{"name":"(anonymous_0)","decl":{"start":{"line":4,"column":2},"end":{"line":4,"column":3}},"loc":{"start":{"line":4,"column":38},"end":{"line":11,"column":3}},"line":4},"1":{"name":"(anonymous_1)","decl":{"start":{"line":13,"column":2},"end":{"line":13,"column":3}},"loc":{"start":{"line":13,"column":35},"end":{"line":24,"column":3}},"line":13},"2":{"name":"(anonymous_2)","decl":{"start":{"line":26,"column":2},"end":{"line":26,"column":3}},"loc":{"start":{"line":26,"column":37},"end":{"line":41,"column":3}},"line":26},"3":{"name":"(anonymous_3)","decl":{"start":{"line":43,"column":2},"end":{"line":43,"column":3}},"loc":{"start":{"line":43,"column":38},"end":{"line":64,"column":3}},"line":43},"4":{"name":"(anonymous_4)","decl":{"start":{"line":66,"column":2},"end":{"line":66,"column":3}},"loc":{"start":{"line":66,"column":43},"end":{"line":82,"column":3}},"line":66},"5":{"name":"(anonymous_5)","decl":{"start":{"line":84,"column":2},"end":{"line":84,"column":3}},"loc":{"start":{"line":84,"column":39},"end":{"line":98,"column":3}},"line":84}},"branchMap":{"0":{"loc":{"start":{"line":18,"column":6},"end":{"line":18,"column":53}},"type":"if","locations":[{"start":{"line":18,"column":6},"end":{"line":18,"column":53}},{"start":{"line":18,"column":6},"end":{"line":18,"column":53}}],"line":18},"1":{"loc":{"start":{"line":29,"column":98},"end":{"line":29,"column":127}},"type":"cond-expr","locations":[{"start":{"line":29,"column":112},"end":{"line":29,"column":116}},{"start":{"line":29,"column":119},"end":{"line":29,"column":127}}],"line":29},"2":{"loc":{"start":{"line":31,"column":6},"end":{"line":34,"column":7}},"type":"if","locations":[{"start":{"line":31,"column":6},"end":{"line":34,"column":7}},{"start":{"line":31,"column":6},"end":{"line":34,"column":7}}],"line":31},"3":{"loc":{"start":{"line":33,"column":8},"end":{"line":33,"column":55}},"type":"if","locations":[{"start":{"line":33,"column":8},"end":{"line":33,"column":55}},{"start":{"line":33,"column":8},"end":{"line":33,"column":55}}],"line":33},"4":{"loc":{"start":{"line":47,"column":98},"end":{"line":47,"column":127}},"type":"cond-expr","locations":[{"start":{"line":47,"column":112},"end":{"line":47,"column":116}},{"start":{"line":47,"column":119},"end":{"line":47,"column":127}}],"line":47},"5":{"loc":{"start":{"line":50,"column":6},"end":{"line":50,"column":53}},"type":"if","locations":[{"start":{"line":50,"column":6},"end":{"line":50,"column":53}},{"start":{"line":50,"column":6},"end":{"line":50,"column":53}}],"line":50},"6":{"loc":{"start":{"line":52,"column":6},"end":{"line":55,"column":7}},"type":"if","locations":[{"start":{"line":52,"column":6},"end":{"line":55,"column":7}},{"start":{"line":52,"column":6},"end":{"line":55,"column":7}}],"line":52},"7":{"loc":{"start":{"line":54,"column":8},"end":{"line":54,"column":55}},"type":"if","locations":[{"start":{"line":54,"column":8},"end":{"line":54,"column":55}},{"start":{"line":54,"column":8},"end":{"line":54,"column":55}}],"line":54},"8":{"loc":{"start":{"line":73,"column":6},"end":{"line":73,"column":53}},"type":"if","locations":[{"start":{"line":73,"column":6},"end":{"line":73,"column":53}},{"start":{"line":73,"column":6},"end":{"line":73,"column":53}}],"line":73},"9":{"loc":{"start":{"line":89,"column":6},"end":{"line":89,"column":53}},"type":"if","locations":[{"start":{"line":89,"column":6},"end":{"line":89,"column":53}},{"start":{"line":89,"column":6},"end":{"line":89,"column":53}}],"line":89}},"s":{"0":7,"1":1,"2":1,"3":1,"4":0,"5":2,"6":2,"7":2,"8":2,"9":1,"10":1,"11":0,"12":11,"13":11,"14":11,"15":11,"16":1,"17":1,"18":1,"19":10,"20":3,"21":7,"22":9,"23":9,"24":9,"25":9,"26":9,"27":9,"28":0,"29":9,"30":1,"31":1,"32":1,"33":8,"34":1,"35":1,"36":7,"37":6,"38":6,"39":6,"40":6,"41":6,"42":6,"43":0,"44":6,"45":1,"46":1,"47":5,"48":2,"49":2,"50":2,"51":2,"52":1,"53":1,"54":1,"55":0,"56":7},"f":{"0":1,"1":2,"2":11,"3":9,"4":6,"5":2},"b":{"0":[1,1],"1":[10,1],"2":[1,10],"3":[1,0],"4":[8,1],"5":[0,9],"6":[1,8],"7":[1,0],"8":[0,6],"9":[1,1]},"_coverageSchema":"1a1c01bbd47fc00a2c39e90264f33305004495a9","hash":"a61272443e308af5c830f53aad5cc495a937bfe8"}
,"C:\\Users\\padang pandanaran\\Desktop\\hacktiv8\\p3\\server-famstrack\\controllers\\familyController.js": {"path":"C:\\Users\\padang pandanaran\\Desktop\\hacktiv8\\p3\\server-famstrack\\controllers\\familyController.js","statementMap":{"0":{"start":{"line":1,"column":53},"end":{"line":1,"column":73}},"1":{"start":{"line":5,"column":4},"end":{"line":17,"column":5}},"2":{"start":{"line":6,"column":21},"end":{"line":12,"column":8}},"3":{"start":{"line":14,"column":6},"end":{"line":14,"column":42}},"4":{"start":{"line":16,"column":6},"end":{"line":16,"column":24}},"5":{"start":{"line":21,"column":4},"end":{"line":44,"column":5}},"6":{"start":{"line":22,"column":21},"end":{"line":22,"column":31}},"7":{"start":{"line":24,"column":21},"end":{"line":38,"column":8}},"8":{"start":{"line":39,"column":6},"end":{"line":39,"column":53}},"9":{"start":{"line":39,"column":19},"end":{"line":39,"column":53}},"10":{"start":{"line":41,"column":6},"end":{"line":41,"column":42}},"11":{"start":{"line":43,"column":6},"end":{"line":43,"column":24}},"12":{"start":{"line":48,"column":4},"end":{"line":62,"column":5}},"13":{"start":{"line":49,"column":57},"end":{"line":49,"column":65}},"14":{"start":{"line":50,"column":20},"end":{"line":50,"column":62}},"15":{"start":{"line":52,"column":6},"end":{"line":55,"column":7}},"16":{"start":{"line":53,"column":21},"end":{"line":53,"column":48}},"17":{"start":{"line":54,"column":8},"end":{"line":54,"column":53}},"18":{"start":{"line":54,"column":19},"end":{"line":54,"column":53}},"19":{"start":{"line":57,"column":21},"end":{"line":57,"column":47}},"20":{"start":{"line":58,"column":6},"end":{"line":58,"column":42}},"21":{"start":{"line":61,"column":6},"end":{"line":61,"column":24}},"22":{"start":{"line":66,"column":4},"end":{"line":86,"column":5}},"23":{"start":{"line":67,"column":21},"end":{"line":67,"column":31}},"24":{"start":{"line":68,"column":57},"end":{"line":68,"column":65}},"25":{"start":{"line":69,"column":20},"end":{"line":69,"column":62}},"26":{"start":{"line":71,"column":21},"end":{"line":71,"column":46}},"27":{"start":{"line":72,"column":6},"end":{"line":72,"column":53}},"28":{"start":{"line":72,"column":19},"end":{"line":72,"column":53}},"29":{"start":{"line":74,"column":6},"end":{"line":77,"column":7}},"30":{"start":{"line":75,"column":21},"end":{"line":75,"column":48}},"31":{"start":{"line":76,"column":8},"end":{"line":76,"column":53}},"32":{"start":{"line":76,"column":19},"end":{"line":76,"column":53}},"33":{"start":{"line":79,"column":6},"end":{"line":79,"column":52}},"34":{"start":{"line":80,"column":6},"end":{"line":80,"column":28}},"35":{"start":{"line":82,"column":6},"end":{"line":82,"column":41}},"36":{"start":{"line":85,"column":6},"end":{"line":85,"column":25}},"37":{"start":{"line":90,"column":4},"end":{"line":102,"column":5}},"38":{"start":{"line":91,"column":21},"end":{"line":91,"column":31}},"39":{"start":{"line":92,"column":21},"end":{"line":92,"column":46}},"40":{"start":{"line":94,"column":6},"end":{"line":94,"column":53}},"41":{"start":{"line":94,"column":19},"end":{"line":94,"column":53}},"42":{"start":{"line":95,"column":6},"end":{"line":95,"column":29}},"43":{"start":{"line":97,"column":6},"end":{"line":99,"column":8}},"44":{"start":{"line":101,"column":6},"end":{"line":101,"column":25}},"45":{"start":{"line":107,"column":0},"end":{"line":107,"column":33}}},"fnMap":{"0":{"name":"(anonymous_0)","decl":{"start":{"line":4,"column":2},"end":{"line":4,"column":3}},"loc":{"start":{"line":4,"column":38},"end":{"line":18,"column":3}},"line":4},"1":{"name":"(anonymous_1)","decl":{"start":{"line":20,"column":2},"end":{"line":20,"column":3}},"loc":{"start":{"line":20,"column":35},"end":{"line":45,"column":3}},"line":20},"2":{"name":"(anonymous_2)","decl":{"start":{"line":47,"column":2},"end":{"line":47,"column":3}},"loc":{"start":{"line":47,"column":37},"end":{"line":63,"column":3}},"line":47},"3":{"name":"(anonymous_3)","decl":{"start":{"line":65,"column":2},"end":{"line":65,"column":3}},"loc":{"start":{"line":65,"column":38},"end":{"line":87,"column":3}},"line":65},"4":{"name":"(anonymous_4)","decl":{"start":{"line":89,"column":2},"end":{"line":89,"column":3}},"loc":{"start":{"line":89,"column":39},"end":{"line":103,"column":3}},"line":89}},"branchMap":{"0":{"loc":{"start":{"line":39,"column":6},"end":{"line":39,"column":53}},"type":"if","locations":[{"start":{"line":39,"column":6},"end":{"line":39,"column":53}},{"start":{"line":39,"column":6},"end":{"line":39,"column":53}}],"line":39},"1":{"loc":{"start":{"line":52,"column":6},"end":{"line":55,"column":7}},"type":"if","locations":[{"start":{"line":52,"column":6},"end":{"line":55,"column":7}},{"start":{"line":52,"column":6},"end":{"line":55,"column":7}}],"line":52},"2":{"loc":{"start":{"line":54,"column":8},"end":{"line":54,"column":53}},"type":"if","locations":[{"start":{"line":54,"column":8},"end":{"line":54,"column":53}},{"start":{"line":54,"column":8},"end":{"line":54,"column":53}}],"line":54},"3":{"loc":{"start":{"line":72,"column":6},"end":{"line":72,"column":53}},"type":"if","locations":[{"start":{"line":72,"column":6},"end":{"line":72,"column":53}},{"start":{"line":72,"column":6},"end":{"line":72,"column":53}}],"line":72},"4":{"loc":{"start":{"line":74,"column":6},"end":{"line":77,"column":7}},"type":"if","locations":[{"start":{"line":74,"column":6},"end":{"line":77,"column":7}},{"start":{"line":74,"column":6},"end":{"line":77,"column":7}}],"line":74},"5":{"loc":{"start":{"line":76,"column":8},"end":{"line":76,"column":53}},"type":"if","locations":[{"start":{"line":76,"column":8},"end":{"line":76,"column":53}},{"start":{"line":76,"column":8},"end":{"line":76,"column":53}}],"line":76},"6":{"loc":{"start":{"line":94,"column":6},"end":{"line":94,"column":53}},"type":"if","locations":[{"start":{"line":94,"column":6},"end":{"line":94,"column":53}},{"start":{"line":94,"column":6},"end":{"line":94,"column":53}}],"line":94}},"s":{"0":7,"1":1,"2":1,"3":1,"4":0,"5":2,"6":2,"7":2,"8":2,"9":1,"10":1,"11":0,"12":8,"13":8,"14":8,"15":8,"16":6,"17":6,"18":0,"19":8,"20":3,"21":5,"22":6,"23":6,"24":6,"25":6,"26":6,"27":6,"28":0,"29":6,"30":4,"31":4,"32":0,"33":6,"34":1,"35":1,"36":5,"37":2,"38":2,"39":2,"40":2,"41":1,"42":1,"43":1,"44":0,"45":7},"f":{"0":1,"1":2,"2":8,"3":6,"4":2},"b":{"0":[1,1],"1":[6,2],"2":[0,6],"3":[0,6],"4":[4,2],"5":[0,4],"6":[1,1]},"_coverageSchema":"1a1c01bbd47fc00a2c39e90264f33305004495a9","hash":"4792011118ae2d81a32a3d2a3d6c6ee3dae6b6b2"}
,"C:\\Users\\padang pandanaran\\Desktop\\hacktiv8\\p3\\server-famstrack\\controllers\\groupController.js": {"path":"C:\\Users\\padang pandanaran\\Desktop\\hacktiv8\\p3\\server-famstrack\\controllers\\groupController.js","statementMap":{"0":{"start":{"line":1,"column":18},"end":{"line":1,"column":38}},"1":{"start":{"line":5,"column":4},"end":{"line":17,"column":5}},"2":{"start":{"line":6,"column":29},"end":{"line":6,"column":37}},"3":{"start":{"line":7,"column":20},"end":{"line":11,"column":7}},"4":{"start":{"line":13,"column":23},"end":{"line":13,"column":48}},"5":{"start":{"line":14,"column":6},"end":{"line":14,"column":43}},"6":{"start":{"line":16,"column":6},"end":{"line":16,"column":22}},"7":{"start":{"line":21,"column":4},"end":{"line":27,"column":5}},"8":{"start":{"line":22,"column":20},"end":{"line":22,"column":41}},"9":{"start":{"line":24,"column":6},"end":{"line":24,"column":40}},"10":{"start":{"line":26,"column":6},"end":{"line":26,"column":22}},"11":{"start":{"line":31,"column":4},"end":{"line":39,"column":5}},"12":{"start":{"line":32,"column":17},"end":{"line":32,"column":30}},"13":{"start":{"line":33,"column":20},"end":{"line":33,"column":44}},"14":{"start":{"line":35,"column":6},"end":{"line":35,"column":51}},"15":{"start":{"line":35,"column":18},"end":{"line":35,"column":51}},"16":{"start":{"line":36,"column":6},"end":{"line":36,"column":40}},"17":{"start":{"line":38,"column":6},"end":{"line":38,"column":22}},"18":{"start":{"line":43,"column":4},"end":{"line":59,"column":5}},"19":{"start":{"line":44,"column":17},"end":{"line":44,"column":31}},"20":{"start":{"line":45,"column":20},"end":{"line":45,"column":44}},"21":{"start":{"line":46,"column":29},"end":{"line":46,"column":37}},"22":{"start":{"line":47,"column":20},"end":{"line":50,"column":7}},"23":{"start":{"line":52,"column":6},"end":{"line":52,"column":51}},"24":{"start":{"line":52,"column":18},"end":{"line":52,"column":51}},"25":{"start":{"line":53,"column":6},"end":{"line":53,"column":50}},"26":{"start":{"line":54,"column":6},"end":{"line":54,"column":26}},"27":{"start":{"line":56,"column":6},"end":{"line":56,"column":33}},"28":{"start":{"line":58,"column":6},"end":{"line":58,"column":22}},"29":{"start":{"line":63,"column":4},"end":{"line":73,"column":5}},"30":{"start":{"line":64,"column":17},"end":{"line":64,"column":31}},"31":{"start":{"line":65,"column":20},"end":{"line":65,"column":44}},"32":{"start":{"line":67,"column":6},"end":{"line":67,"column":51}},"33":{"start":{"line":67,"column":18},"end":{"line":67,"column":51}},"34":{"start":{"line":68,"column":6},"end":{"line":68,"column":27}},"35":{"start":{"line":70,"column":6},"end":{"line":70,"column":75}},"36":{"start":{"line":72,"column":6},"end":{"line":72,"column":22}},"37":{"start":{"line":77,"column":0},"end":{"line":77,"column":32}}},"fnMap":{"0":{"name":"(anonymous_0)","decl":{"start":{"line":4,"column":2},"end":{"line":4,"column":3}},"loc":{"start":{"line":4,"column":35},"end":{"line":18,"column":3}},"line":4},"1":{"name":"(anonymous_1)","decl":{"start":{"line":20,"column":2},"end":{"line":20,"column":3}},"loc":{"start":{"line":20,"column":38},"end":{"line":28,"column":3}},"line":20},"2":{"name":"(anonymous_2)","decl":{"start":{"line":30,"column":2},"end":{"line":30,"column":3}},"loc":{"start":{"line":30,"column":37},"end":{"line":40,"column":3}},"line":30},"3":{"name":"(anonymous_3)","decl":{"start":{"line":42,"column":2},"end":{"line":42,"column":3}},"loc":{"start":{"line":42,"column":38},"end":{"line":60,"column":3}},"line":42},"4":{"name":"(anonymous_4)","decl":{"start":{"line":62,"column":2},"end":{"line":62,"column":3}},"loc":{"start":{"line":62,"column":38},"end":{"line":74,"column":3}},"line":62}},"branchMap":{"0":{"loc":{"start":{"line":35,"column":6},"end":{"line":35,"column":51}},"type":"if","locations":[{"start":{"line":35,"column":6},"end":{"line":35,"column":51}},{"start":{"line":35,"column":6},"end":{"line":35,"column":51}}],"line":35},"1":{"loc":{"start":{"line":52,"column":6},"end":{"line":52,"column":51}},"type":"if","locations":[{"start":{"line":52,"column":6},"end":{"line":52,"column":51}},{"start":{"line":52,"column":6},"end":{"line":52,"column":51}}],"line":52},"2":{"loc":{"start":{"line":67,"column":6},"end":{"line":67,"column":51}},"type":"if","locations":[{"start":{"line":67,"column":6},"end":{"line":67,"column":51}},{"start":{"line":67,"column":6},"end":{"line":67,"column":51}}],"line":67}},"s":{"0":7,"1":5,"2":5,"3":5,"4":5,"5":2,"6":3,"7":1,"8":1,"9":1,"10":0,"11":2,"12":2,"13":2,"14":2,"15":1,"16":1,"17":0,"18":5,"19":5,"20":5,"21":5,"22":5,"23":5,"24":1,"25":4,"26":1,"27":1,"28":3,"29":2,"30":2,"31":2,"32":2,"33":1,"34":1,"35":1,"36":0,"37":7},"f":{"0":5,"1":1,"2":2,"3":5,"4":2},"b":{"0":[1,1],"1":[1,4],"2":[1,1]},"_coverageSchema":"1a1c01bbd47fc00a2c39e90264f33305004495a9","hash":"631d6fdb44153b82d341dba06ac6e48a25834285"}
,"C:\\Users\\padang pandanaran\\Desktop\\hacktiv8\\p3\\server-famstrack\\controllers\\newsController.js": {"path":"C:\\Users\\padang pandanaran\\Desktop\\hacktiv8\\p3\\server-famstrack\\controllers\\newsController.js","statementMap":{"0":{"start":{"line":1,"column":17},"end":{"line":1,"column":37}},"1":{"start":{"line":5,"column":4},"end":{"line":18,"column":5}},"2":{"start":{"line":6,"column":43},"end":{"line":6,"column":51}},"3":{"start":{"line":7,"column":20},"end":{"line":12,"column":7}},"4":{"start":{"line":14,"column":22},"end":{"line":14,"column":46}},"5":{"start":{"line":15,"column":6},"end":{"line":15,"column":42}},"6":{"start":{"line":17,"column":6},"end":{"line":17,"column":22}},"7":{"start":{"line":22,"column":4},"end":{"line":28,"column":5}},"8":{"start":{"line":23,"column":23},"end":{"line":23,"column":70}},"9":{"start":{"line":25,"column":6},"end":{"line":25,"column":43}},"10":{"start":{"line":27,"column":6},"end":{"line":27,"column":22}},"11":{"start":{"line":32,"column":4},"end":{"line":40,"column":5}},"12":{"start":{"line":33,"column":17},"end":{"line":33,"column":30}},"13":{"start":{"line":34,"column":19},"end":{"line":34,"column":42}},"14":{"start":{"line":36,"column":6},"end":{"line":36,"column":50}},"15":{"start":{"line":36,"column":17},"end":{"line":36,"column":50}},"16":{"start":{"line":37,"column":6},"end":{"line":37,"column":39}},"17":{"start":{"line":39,"column":6},"end":{"line":39,"column":22}},"18":{"start":{"line":44,"column":4},"end":{"line":62,"column":5}},"19":{"start":{"line":45,"column":17},"end":{"line":45,"column":31}},"20":{"start":{"line":46,"column":19},"end":{"line":46,"column":42}},"21":{"start":{"line":47,"column":51},"end":{"line":47,"column":59}},"22":{"start":{"line":48,"column":20},"end":{"line":53,"column":9}},"23":{"start":{"line":55,"column":6},"end":{"line":55,"column":50}},"24":{"start":{"line":55,"column":17},"end":{"line":55,"column":50}},"25":{"start":{"line":56,"column":6},"end":{"line":56,"column":49}},"26":{"start":{"line":57,"column":6},"end":{"line":57,"column":25}},"27":{"start":{"line":59,"column":6},"end":{"line":59,"column":32}},"28":{"start":{"line":61,"column":6},"end":{"line":61,"column":22}},"29":{"start":{"line":66,"column":4},"end":{"line":76,"column":5}},"30":{"start":{"line":67,"column":17},"end":{"line":67,"column":31}},"31":{"start":{"line":68,"column":19},"end":{"line":68,"column":42}},"32":{"start":{"line":70,"column":6},"end":{"line":70,"column":50}},"33":{"start":{"line":70,"column":17},"end":{"line":70,"column":50}},"34":{"start":{"line":71,"column":6},"end":{"line":71,"column":26}},"35":{"start":{"line":73,"column":6},"end":{"line":73,"column":75}},"36":{"start":{"line":75,"column":6},"end":{"line":75,"column":22}},"37":{"start":{"line":80,"column":0},"end":{"line":80,"column":31}}},"fnMap":{"0":{"name":"(anonymous_0)","decl":{"start":{"line":4,"column":2},"end":{"line":4,"column":3}},"loc":{"start":{"line":4,"column":35},"end":{"line":19,"column":3}},"line":4},"1":{"name":"(anonymous_1)","decl":{"start":{"line":21,"column":2},"end":{"line":21,"column":3}},"loc":{"start":{"line":21,"column":38},"end":{"line":29,"column":3}},"line":21},"2":{"name":"(anonymous_2)","decl":{"start":{"line":31,"column":2},"end":{"line":31,"column":3}},"loc":{"start":{"line":31,"column":37},"end":{"line":41,"column":3}},"line":31},"3":{"name":"(anonymous_3)","decl":{"start":{"line":43,"column":2},"end":{"line":43,"column":3}},"loc":{"start":{"line":43,"column":38},"end":{"line":63,"column":3}},"line":43},"4":{"name":"(anonymous_4)","decl":{"start":{"line":65,"column":2},"end":{"line":65,"column":3}},"loc":{"start":{"line":65,"column":38},"end":{"line":77,"column":3}},"line":65}},"branchMap":{"0":{"loc":{"start":{"line":36,"column":6},"end":{"line":36,"column":50}},"type":"if","locations":[{"start":{"line":36,"column":6},"end":{"line":36,"column":50}},{"start":{"line":36,"column":6},"end":{"line":36,"column":50}}],"line":36},"1":{"loc":{"start":{"line":55,"column":6},"end":{"line":55,"column":50}},"type":"if","locations":[{"start":{"line":55,"column":6},"end":{"line":55,"column":50}},{"start":{"line":55,"column":6},"end":{"line":55,"column":50}}],"line":55},"2":{"loc":{"start":{"line":70,"column":6},"end":{"line":70,"column":50}},"type":"if","locations":[{"start":{"line":70,"column":6},"end":{"line":70,"column":50}},{"start":{"line":70,"column":6},"end":{"line":70,"column":50}}],"line":70}},"s":{"0":7,"1":5,"2":5,"3":5,"4":5,"5":1,"6":4,"7":1,"8":1,"9":1,"10":0,"11":2,"12":2,"13":2,"14":2,"15":1,"16":1,"17":0,"18":6,"19":6,"20":6,"21":6,"22":6,"23":6,"24":1,"25":5,"26":1,"27":1,"28":4,"29":2,"30":2,"31":2,"32":2,"33":1,"34":1,"35":1,"36":0,"37":7},"f":{"0":5,"1":1,"2":2,"3":6,"4":2},"b":{"0":[1,1],"1":[1,5],"2":[1,1]},"_coverageSchema":"1a1c01bbd47fc00a2c39e90264f33305004495a9","hash":"420e7614f96030f107b2fc5f8fb602eb91a81f97"}
,"C:\\Users\\padang pandanaran\\Desktop\\hacktiv8\\p3\\server-famstrack\\controllers\\scheduleController.js": {"path":"C:\\Users\\padang pandanaran\\Desktop\\hacktiv8\\p3\\server-famstrack\\controllers\\scheduleController.js","statementMap":{"0":{"start":{"line":1,"column":28},"end":{"line":1,"column":48}},"1":{"start":{"line":5,"column":4},"end":{"line":21,"column":5}},"2":{"start":{"line":6,"column":17},"end":{"line":6,"column":30}},"3":{"start":{"line":7,"column":48},"end":{"line":7,"column":56}},"4":{"start":{"line":8,"column":20},"end":{"line":8,"column":66}},"5":{"start":{"line":10,"column":20},"end":{"line":10,"column":44}},"6":{"start":{"line":11,"column":6},"end":{"line":11,"column":51}},"7":{"start":{"line":11,"column":18},"end":{"line":11,"column":51}},"8":{"start":{"line":13,"column":27},"end":{"line":13,"column":85}},"9":{"start":{"line":15,"column":6},"end":{"line":15,"column":32}},"10":{"start":{"line":16,"column":6},"end":{"line":16,"column":61}},"11":{"start":{"line":16,"column":24},"end":{"line":16,"column":61}},"12":{"start":{"line":17,"column":23},"end":{"line":17,"column":51}},"13":{"start":{"line":18,"column":6},"end":{"line":18,"column":43}},"14":{"start":{"line":20,"column":6},"end":{"line":20,"column":22}},"15":{"start":{"line":25,"column":4},"end":{"line":34,"column":5}},"16":{"start":{"line":26,"column":17},"end":{"line":26,"column":30}},"17":{"start":{"line":27,"column":20},"end":{"line":27,"column":44}},"18":{"start":{"line":29,"column":6},"end":{"line":29,"column":51}},"19":{"start":{"line":29,"column":18},"end":{"line":29,"column":51}},"20":{"start":{"line":30,"column":27},"end":{"line":30,"column":77}},"21":{"start":{"line":31,"column":6},"end":{"line":31,"column":47}},"22":{"start":{"line":33,"column":6},"end":{"line":33,"column":22}},"23":{"start":{"line":38,"column":4},"end":{"line":54,"column":5}},"24":{"start":{"line":39,"column":17},"end":{"line":39,"column":30}},"25":{"start":{"line":40,"column":20},"end":{"line":40,"column":36}},"26":{"start":{"line":41,"column":48},"end":{"line":41,"column":56}},"27":{"start":{"line":42,"column":20},"end":{"line":42,"column":66}},"28":{"start":{"line":43,"column":20},"end":{"line":43,"column":44}},"29":{"start":{"line":44,"column":23},"end":{"line":44,"column":53}},"30":{"start":{"line":46,"column":6},"end":{"line":46,"column":51}},"31":{"start":{"line":46,"column":18},"end":{"line":46,"column":51}},"32":{"start":{"line":47,"column":6},"end":{"line":47,"column":54}},"33":{"start":{"line":47,"column":21},"end":{"line":47,"column":54}},"34":{"start":{"line":49,"column":6},"end":{"line":49,"column":60}},"35":{"start":{"line":50,"column":6},"end":{"line":50,"column":29}},"36":{"start":{"line":51,"column":6},"end":{"line":51,"column":43}},"37":{"start":{"line":53,"column":6},"end":{"line":53,"column":22}},"38":{"start":{"line":58,"column":4},"end":{"line":71,"column":5}},"39":{"start":{"line":59,"column":17},"end":{"line":59,"column":30}},"40":{"start":{"line":60,"column":20},"end":{"line":60,"column":36}},"41":{"start":{"line":61,"column":20},"end":{"line":61,"column":44}},"42":{"start":{"line":62,"column":23},"end":{"line":62,"column":53}},"43":{"start":{"line":64,"column":6},"end":{"line":64,"column":51}},"44":{"start":{"line":64,"column":18},"end":{"line":64,"column":51}},"45":{"start":{"line":65,"column":6},"end":{"line":65,"column":54}},"46":{"start":{"line":65,"column":21},"end":{"line":65,"column":54}},"47":{"start":{"line":67,"column":6},"end":{"line":67,"column":30}},"48":{"start":{"line":68,"column":6},"end":{"line":68,"column":78}},"49":{"start":{"line":70,"column":6},"end":{"line":70,"column":22}},"50":{"start":{"line":75,"column":0},"end":{"line":75,"column":35}}},"fnMap":{"0":{"name":"(anonymous_0)","decl":{"start":{"line":4,"column":2},"end":{"line":4,"column":3}},"loc":{"start":{"line":4,"column":35},"end":{"line":22,"column":3}},"line":4},"1":{"name":"(anonymous_1)","decl":{"start":{"line":24,"column":2},"end":{"line":24,"column":3}},"loc":{"start":{"line":24,"column":38},"end":{"line":35,"column":3}},"line":24},"2":{"name":"(anonymous_2)","decl":{"start":{"line":37,"column":2},"end":{"line":37,"column":3}},"loc":{"start":{"line":37,"column":38},"end":{"line":55,"column":3}},"line":37},"3":{"name":"(anonymous_3)","decl":{"start":{"line":57,"column":2},"end":{"line":57,"column":3}},"loc":{"start":{"line":57,"column":38},"end":{"line":72,"column":3}},"line":57}},"branchMap":{"0":{"loc":{"start":{"line":11,"column":6},"end":{"line":11,"column":51}},"type":"if","locations":[{"start":{"line":11,"column":6},"end":{"line":11,"column":51}},{"start":{"line":11,"column":6},"end":{"line":11,"column":51}}],"line":11},"1":{"loc":{"start":{"line":16,"column":6},"end":{"line":16,"column":61}},"type":"if","locations":[{"start":{"line":16,"column":6},"end":{"line":16,"column":61}},{"start":{"line":16,"column":6},"end":{"line":16,"column":61}}],"line":16},"2":{"loc":{"start":{"line":29,"column":6},"end":{"line":29,"column":51}},"type":"if","locations":[{"start":{"line":29,"column":6},"end":{"line":29,"column":51}},{"start":{"line":29,"column":6},"end":{"line":29,"column":51}}],"line":29},"3":{"loc":{"start":{"line":46,"column":6},"end":{"line":46,"column":51}},"type":"if","locations":[{"start":{"line":46,"column":6},"end":{"line":46,"column":51}},{"start":{"line":46,"column":6},"end":{"line":46,"column":51}}],"line":46},"4":{"loc":{"start":{"line":47,"column":6},"end":{"line":47,"column":54}},"type":"if","locations":[{"start":{"line":47,"column":6},"end":{"line":47,"column":54}},{"start":{"line":47,"column":6},"end":{"line":47,"column":54}}],"line":47},"5":{"loc":{"start":{"line":64,"column":6},"end":{"line":64,"column":51}},"type":"if","locations":[{"start":{"line":64,"column":6},"end":{"line":64,"column":51}},{"start":{"line":64,"column":6},"end":{"line":64,"column":51}}],"line":64},"6":{"loc":{"start":{"line":65,"column":6},"end":{"line":65,"column":54}},"type":"if","locations":[{"start":{"line":65,"column":6},"end":{"line":65,"column":54}},{"start":{"line":65,"column":6},"end":{"line":65,"column":54}}],"line":65}},"s":{"0":7,"1":10,"2":10,"3":10,"4":10,"5":10,"6":10,"7":2,"8":8,"9":8,"10":8,"11":1,"12":7,"13":1,"14":6,"15":1,"16":1,"17":1,"18":1,"19":0,"20":1,"21":1,"22":0,"23":11,"24":11,"25":11,"26":11,"27":11,"28":11,"29":11,"30":11,"31":2,"32":9,"33":1,"34":8,"35":1,"36":1,"37":7,"38":4,"39":4,"40":4,"41":4,"42":4,"43":4,"44":2,"45":2,"46":1,"47":1,"48":1,"49":0,"50":7},"f":{"0":10,"1":1,"2":11,"3":4},"b":{"0":[2,8],"1":[1,7],"2":[0,1],"3":[2,9],"4":[1,8],"5":[2,2],"6":[1,1]},"_coverageSchema":"1a1c01bbd47fc00a2c39e90264f33305004495a9","hash":"0d5061d329999b554a4aae323f838cc84727f120"}
,"C:\\Users\\padang pandanaran\\Desktop\\hacktiv8\\p3\\server-famstrack\\helpers\\decodedToken.js": {"path":"C:\\Users\\padang pandanaran\\Desktop\\hacktiv8\\p3\\server-famstrack\\helpers\\decodedToken.js","statementMap":{"0":{"start":{"line":1,"column":12},"end":{"line":1,"column":35}},"1":{"start":{"line":2,"column":27},"end":{"line":2,"column":38}},"2":{"start":{"line":4,"column":0},"end":{"line":6,"column":1}},"3":{"start":{"line":5,"column":2},"end":{"line":5,"column":42}}},"fnMap":{"0":{"name":"(anonymous_0)","decl":{"start":{"line":4,"column":17},"end":{"line":4,"column":18}},"loc":{"start":{"line":4,"column":28},"end":{"line":6,"column":1}},"line":4}},"branchMap":{},"s":{"0":7,"1":7,"2":7,"3":161},"f":{"0":161},"b":{},"_coverageSchema":"1a1c01bbd47fc00a2c39e90264f33305004495a9","hash":"6969a0eb9dea56eee09c26bef30ab05435abfedb"}
,"C:\\Users\\padang pandanaran\\Desktop\\hacktiv8\\p3\\server-famstrack\\helpers\\generateToken.js": {"path":"C:\\Users\\padang pandanaran\\Desktop\\hacktiv8\\p3\\server-famstrack\\helpers\\generateToken.js","statementMap":{"0":{"start":{"line":1,"column":12},"end":{"line":1,"column":35}},"1":{"start":{"line":2,"column":40},"end":{"line":2,"column":51}},"2":{"start":{"line":4,"column":0},"end":{"line":6,"column":1}},"3":{"start":{"line":5,"column":2},"end":{"line":5,"column":70}}},"fnMap":{"0":{"name":"(anonymous_0)","decl":{"start":{"line":4,"column":17},"end":{"line":4,"column":18}},"loc":{"start":{"line":4,"column":30},"end":{"line":6,"column":1}},"line":4}},"branchMap":{},"s":{"0":7,"1":7,"2":7,"3":13},"f":{"0":13},"b":{},"_coverageSchema":"1a1c01bbd47fc00a2c39e90264f33305004495a9","hash":"2e603ade85718125a2dce3e00d2352dce5bbeb47"}
,"C:\\Users\\padang pandanaran\\Desktop\\hacktiv8\\p3\\server-famstrack\\helpers\\hash.js": {"path":"C:\\Users\\padang pandanaran\\Desktop\\hacktiv8\\p3\\server-famstrack\\helpers\\hash.js","statementMap":{"0":{"start":{"line":1,"column":15},"end":{"line":1,"column":34}},"1":{"start":{"line":3,"column":21},"end":{"line":6,"column":1}},"2":{"start":{"line":4,"column":15},"end":{"line":4,"column":37}},"3":{"start":{"line":5,"column":2},"end":{"line":5,"column":41}},"4":{"start":{"line":8,"column":24},"end":{"line":10,"column":1}},"5":{"start":{"line":9,"column":2},"end":{"line":9,"column":50}},"6":{"start":{"line":12,"column":0},"end":{"line":12,"column":51}}},"fnMap":{"0":{"name":"(anonymous_0)","decl":{"start":{"line":3,"column":21},"end":{"line":3,"column":22}},"loc":{"start":{"line":3,"column":35},"end":{"line":6,"column":1}},"line":3},"1":{"name":"(anonymous_1)","decl":{"start":{"line":8,"column":24},"end":{"line":8,"column":25}},"loc":{"start":{"line":8,"column":50},"end":{"line":10,"column":1}},"line":8}},"branchMap":{},"s":{"0":7,"1":7,"2":2,"3":2,"4":7,"5":14,"6":7},"f":{"0":2,"1":14},"b":{},"_coverageSchema":"1a1c01bbd47fc00a2c39e90264f33305004495a9","hash":"619067dd0540f2283e79491c00dd50894363ad60"}
,"C:\\Users\\padang pandanaran\\Desktop\\hacktiv8\\p3\\server-famstrack\\middlewares\\errorHandler.js": {"path":"C:\\Users\\padang pandanaran\\Desktop\\hacktiv8\\p3\\server-famstrack\\middlewares\\errorHandler.js","statementMap":{"0":{"start":{"line":1,"column":0},"end":{"line":48,"column":1}},"1":{"start":{"line":2,"column":2},"end":{"line":47,"column":3}},"2":{"start":{"line":4,"column":21},"end":{"line":4,"column":53}},"3":{"start":{"line":4,"column":42},"end":{"line":4,"column":52}},"4":{"start":{"line":6,"column":6},"end":{"line":8,"column":8}},"5":{"start":{"line":9,"column":6},"end":{"line":9,"column":12}},"6":{"start":{"line":12,"column":21},"end":{"line":12,"column":53}},"7":{"start":{"line":12,"column":42},"end":{"line":12,"column":52}},"8":{"start":{"line":14,"column":6},"end":{"line":16,"column":8}},"9":{"start":{"line":17,"column":6},"end":{"line":17,"column":12}},"10":{"start":{"line":19,"column":6},"end":{"line":21,"column":8}},"11":{"start":{"line":22,"column":6},"end":{"line":22,"column":12}},"12":{"start":{"line":25,"column":6},"end":{"line":27,"column":8}},"13":{"start":{"line":28,"column":6},"end":{"line":28,"column":12}},"14":{"start":{"line":31,"column":6},"end":{"line":33,"column":8}},"15":{"start":{"line":34,"column":6},"end":{"line":34,"column":12}},"16":{"start":{"line":37,"column":6},"end":{"line":39,"column":8}},"17":{"start":{"line":40,"column":6},"end":{"line":40,"column":12}},"18":{"start":{"line":43,"column":6},"end":{"line":45,"column":8}},"19":{"start":{"line":46,"column":6},"end":{"line":46,"column":12}}},"fnMap":{"0":{"name":"(anonymous_0)","decl":{"start":{"line":1,"column":17},"end":{"line":1,"column":18}},"loc":{"start":{"line":1,"column":42},"end":{"line":48,"column":1}},"line":1},"1":{"name":"(anonymous_1)","decl":{"start":{"line":4,"column":36},"end":{"line":4,"column":37}},"loc":{"start":{"line":4,"column":42},"end":{"line":4,"column":52}},"line":4},"2":{"name":"(anonymous_2)","decl":{"start":{"line":12,"column":36},"end":{"line":12,"column":37}},"loc":{"start":{"line":12,"column":42},"end":{"line":12,"column":52}},"line":12}},"branchMap":{"0":{"loc":{"start":{"line":2,"column":2},"end":{"line":47,"column":3}},"type":"switch","locations":[{"start":{"line":3,"column":4},"end":{"line":9,"column":12}},{"start":{"line":11,"column":4},"end":{"line":17,"column":12}},{"start":{"line":18,"column":4},"end":{"line":22,"column":12}},{"start":{"line":24,"column":4},"end":{"line":28,"column":12}},{"start":{"line":30,"column":4},"end":{"line":34,"column":12}},{"start":{"line":36,"column":4},"end":{"line":40,"column":12}},{"start":{"line":42,"column":4},"end":{"line":46,"column":12}}],"line":2}},"s":{"0":7,"1":140,"2":73,"3":141,"4":73,"5":73,"6":3,"7":3,"8":3,"9":3,"10":3,"11":3,"12":19,"13":19,"14":22,"15":22,"16":1,"17":1,"18":19,"19":19},"f":{"0":140,"1":141,"2":3},"b":{"0":[73,3,3,19,22,1,19]},"_coverageSchema":"1a1c01bbd47fc00a2c39e90264f33305004495a9","hash":"cdb012a4147df64f992ee47c79b27d6fa8eb1ebd"}
,"C:\\Users\\padang pandanaran\\Desktop\\hacktiv8\\p3\\server-famstrack\\middlewares\\isAdmin.js": {"path":"C:\\Users\\padang pandanaran\\Desktop\\hacktiv8\\p3\\server-famstrack\\middlewares\\isAdmin.js","statementMap":{"0":{"start":{"line":1,"column":17},"end":{"line":1,"column":37}},"1":{"start":{"line":3,"column":0},"end":{"line":14,"column":1}},"2":{"start":{"line":4,"column":2},"end":{"line":13,"column":3}},"3":{"start":{"line":5,"column":17},"end":{"line":5,"column":49}},"4":{"start":{"line":7,"column":4},"end":{"line":7,"column":52}},"5":{"start":{"line":7,"column":15},"end":{"line":7,"column":52}},"6":{"start":{"line":8,"column":4},"end":{"line":8,"column":68}},"7":{"start":{"line":8,"column":31},"end":{"line":8,"column":68}},"8":{"start":{"line":10,"column":4},"end":{"line":10,"column":17}},"9":{"start":{"line":12,"column":4},"end":{"line":12,"column":15}}},"fnMap":{"0":{"name":"(anonymous_0)","decl":{"start":{"line":3,"column":17},"end":{"line":3,"column":18}},"loc":{"start":{"line":3,"column":42},"end":{"line":14,"column":1}},"line":3}},"branchMap":{"0":{"loc":{"start":{"line":7,"column":4},"end":{"line":7,"column":52}},"type":"if","locations":[{"start":{"line":7,"column":4},"end":{"line":7,"column":52}},{"start":{"line":7,"column":4},"end":{"line":7,"column":52}}],"line":7},"1":{"loc":{"start":{"line":8,"column":4},"end":{"line":8,"column":68}},"type":"if","locations":[{"start":{"line":8,"column":4},"end":{"line":8,"column":68}},{"start":{"line":8,"column":4},"end":{"line":8,"column":68}}],"line":8}},"s":{"0":7,"1":7,"2":129,"3":129,"4":129,"5":0,"6":129,"7":19,"8":110,"9":0},"f":{"0":129},"b":{"0":[0,129],"1":[19,110]},"_coverageSchema":"1a1c01bbd47fc00a2c39e90264f33305004495a9","hash":"f91064de8dc38d0a5c60e198e7b730a406176607"}
,"C:\\Users\\padang pandanaran\\Desktop\\hacktiv8\\p3\\server-famstrack\\middlewares\\isLogin.js": {"path":"C:\\Users\\padang pandanaran\\Desktop\\hacktiv8\\p3\\server-famstrack\\middlewares\\isLogin.js","statementMap":{"0":{"start":{"line":1,"column":17},"end":{"line":1,"column":37}},"1":{"start":{"line":2,"column":20},"end":{"line":2,"column":54}},"2":{"start":{"line":4,"column":0},"end":{"line":18,"column":1}},"3":{"start":{"line":5,"column":2},"end":{"line":17,"column":3}},"4":{"start":{"line":6,"column":29},"end":{"line":6,"column":40}},"5":{"start":{"line":7,"column":20},"end":{"line":7,"column":45}},"6":{"start":{"line":9,"column":17},"end":{"line":9,"column":72}},"7":{"start":{"line":11,"column":4},"end":{"line":11,"column":53}},"8":{"start":{"line":11,"column":15},"end":{"line":11,"column":53}},"9":{"start":{"line":13,"column":4},"end":{"line":13,"column":23}},"10":{"start":{"line":14,"column":4},"end":{"line":14,"column":10}},"11":{"start":{"line":16,"column":4},"end":{"line":16,"column":23}}},"fnMap":{"0":{"name":"(anonymous_0)","decl":{"start":{"line":4,"column":17},"end":{"line":4,"column":18}},"loc":{"start":{"line":4,"column":42},"end":{"line":18,"column":1}},"line":4}},"branchMap":{"0":{"loc":{"start":{"line":11,"column":4},"end":{"line":11,"column":53}},"type":"if","locations":[{"start":{"line":11,"column":4},"end":{"line":11,"column":53}},{"start":{"line":11,"column":4},"end":{"line":11,"column":53}}],"line":11}},"s":{"0":7,"1":7,"2":7,"3":161,"4":161,"5":161,"6":142,"7":142,"8":0,"9":142,"10":142,"11":19},"f":{"0":161},"b":{"0":[0,142]},"_coverageSchema":"1a1c01bbd47fc00a2c39e90264f33305004495a9","hash":"c437e7a494e78ae7c38a54a5ead006deed48ce75"}
,"C:\\Users\\padang pandanaran\\Desktop\\hacktiv8\\p3\\server-famstrack\\models\\client.js": {"path":"C:\\Users\\padang pandanaran\\Desktop\\hacktiv8\\p3\\server-famstrack\\models\\client.js","statementMap":{"0":{"start":{"line":4,"column":4},"end":{"line":4,"column":24}},"1":{"start":{"line":5,"column":0},"end":{"line":89,"column":2}},"2":{"start":{"line":13,"column":6},"end":{"line":13,"column":81}},"3":{"start":{"line":14,"column":6},"end":{"line":14,"column":76}},"4":{"start":{"line":15,"column":6},"end":{"line":15,"column":76}},"5":{"start":{"line":18,"column":2},"end":{"line":87,"column":5}},"6":{"start":{"line":88,"column":2},"end":{"line":88,"column":16}}},"fnMap":{"0":{"name":"(anonymous_0)","decl":{"start":{"line":5,"column":17},"end":{"line":5,"column":18}},"loc":{"start":{"line":5,"column":43},"end":{"line":89,"column":1}},"line":5},"1":{"name":"(anonymous_1)","decl":{"start":{"line":12,"column":4},"end":{"line":12,"column":5}},"loc":{"start":{"line":12,"column":29},"end":{"line":16,"column":5}},"line":12}},"branchMap":{},"s":{"0":7,"1":7,"2":7,"3":7,"4":7,"5":7,"6":7},"f":{"0":7,"1":7},"b":{},"_coverageSchema":"1a1c01bbd47fc00a2c39e90264f33305004495a9","hash":"9a30b733be22a8ecf4e37bdf9c5b56babee0e450"}
,"C:\\Users\\padang pandanaran\\Desktop\\hacktiv8\\p3\\server-famstrack\\models\\device.js": {"path":"C:\\Users\\padang pandanaran\\Desktop\\hacktiv8\\p3\\server-famstrack\\models\\device.js","statementMap":{"0":{"start":{"line":4,"column":4},"end":{"line":4,"column":24}},"1":{"start":{"line":5,"column":0},"end":{"line":70,"column":2}},"2":{"start":{"line":13,"column":6},"end":{"line":13,"column":80}},"3":{"start":{"line":16,"column":2},"end":{"line":68,"column":5}},"4":{"start":{"line":69,"column":2},"end":{"line":69,"column":16}}},"fnMap":{"0":{"name":"(anonymous_0)","decl":{"start":{"line":5,"column":17},"end":{"line":5,"column":18}},"loc":{"start":{"line":5,"column":43},"end":{"line":70,"column":1}},"line":5},"1":{"name":"(anonymous_1)","decl":{"start":{"line":12,"column":4},"end":{"line":12,"column":5}},"loc":{"start":{"line":12,"column":29},"end":{"line":14,"column":5}},"line":12}},"branchMap":{},"s":{"0":7,"1":7,"2":7,"3":7,"4":7},"f":{"0":7,"1":7},"b":{},"_coverageSchema":"1a1c01bbd47fc00a2c39e90264f33305004495a9","hash":"d8b9009b39492dfc1bcc0d9401c5d7fff6a430b2"}
,"C:\\Users\\padang pandanaran\\Desktop\\hacktiv8\\p3\\server-famstrack\\models\\family.js": {"path":"C:\\Users\\padang pandanaran\\Desktop\\hacktiv8\\p3\\server-famstrack\\models\\family.js","statementMap":{"0":{"start":{"line":4,"column":4},"end":{"line":4,"column":24}},"1":{"start":{"line":5,"column":0},"end":{"line":69,"column":2}},"2":{"start":{"line":13,"column":6},"end":{"line":13,"column":73}},"3":{"start":{"line":14,"column":6},"end":{"line":14,"column":79}},"4":{"start":{"line":17,"column":2},"end":{"line":67,"column":5}},"5":{"start":{"line":68,"column":2},"end":{"line":68,"column":16}}},"fnMap":{"0":{"name":"(anonymous_0)","decl":{"start":{"line":5,"column":17},"end":{"line":5,"column":18}},"loc":{"start":{"line":5,"column":43},"end":{"line":69,"column":1}},"line":5},"1":{"name":"(anonymous_1)","decl":{"start":{"line":12,"column":4},"end":{"line":12,"column":5}},"loc":{"start":{"line":12,"column":29},"end":{"line":15,"column":5}},"line":12}},"branchMap":{},"s":{"0":7,"1":7,"2":7,"3":7,"4":7,"5":7},"f":{"0":7,"1":7},"b":{},"_coverageSchema":"1a1c01bbd47fc00a2c39e90264f33305004495a9","hash":"36cfc706c5c473e632f078f63b712c41729615d2"}
,"C:\\Users\\padang pandanaran\\Desktop\\hacktiv8\\p3\\server-famstrack\\models\\group.js": {"path":"C:\\Users\\padang pandanaran\\Desktop\\hacktiv8\\p3\\server-famstrack\\models\\group.js","statementMap":{"0":{"start":{"line":4,"column":4},"end":{"line":4,"column":24}},"1":{"start":{"line":5,"column":0},"end":{"line":39,"column":2}},"2":{"start":{"line":13,"column":6},"end":{"line":13,"column":75}},"3":{"start":{"line":14,"column":6},"end":{"line":14,"column":79}},"4":{"start":{"line":17,"column":2},"end":{"line":37,"column":5}},"5":{"start":{"line":38,"column":2},"end":{"line":38,"column":15}}},"fnMap":{"0":{"name":"(anonymous_0)","decl":{"start":{"line":5,"column":17},"end":{"line":5,"column":18}},"loc":{"start":{"line":5,"column":43},"end":{"line":39,"column":1}},"line":5},"1":{"name":"(anonymous_1)","decl":{"start":{"line":12,"column":4},"end":{"line":12,"column":5}},"loc":{"start":{"line":12,"column":29},"end":{"line":15,"column":5}},"line":12}},"branchMap":{},"s":{"0":7,"1":7,"2":7,"3":7,"4":7,"5":7},"f":{"0":7,"1":7},"b":{},"_coverageSchema":"1a1c01bbd47fc00a2c39e90264f33305004495a9","hash":"875f5f53fa0d7acbab304609e947bfee4be39df3"}
,"C:\\Users\\padang pandanaran\\Desktop\\hacktiv8\\p3\\server-famstrack\\models\\index.js": {"path":"C:\\Users\\padang pandanaran\\Desktop\\hacktiv8\\p3\\server-famstrack\\models\\index.js","statementMap":{"0":{"start":{"line":3,"column":11},"end":{"line":3,"column":24}},"1":{"start":{"line":4,"column":13},"end":{"line":4,"column":28}},"2":{"start":{"line":5,"column":18},"end":{"line":5,"column":38}},"3":{"start":{"line":6,"column":17},"end":{"line":6,"column":42}},"4":{"start":{"line":7,"column":12},"end":{"line":7,"column":49}},"5":{"start":{"line":8,"column":15},"end":{"line":8,"column":63}},"6":{"start":{"line":9,"column":11},"end":{"line":9,"column":13}},"7":{"start":{"line":12,"column":0},"end":{"line":16,"column":1}},"8":{"start":{"line":13,"column":2},"end":{"line":13,"column":74}},"9":{"start":{"line":15,"column":2},"end":{"line":15,"column":87}},"10":{"start":{"line":18,"column":0},"end":{"line":26,"column":5}},"11":{"start":{"line":21,"column":4},"end":{"line":21,"column":90}},"12":{"start":{"line":24,"column":18},"end":{"line":24,"column":85}},"13":{"start":{"line":25,"column":4},"end":{"line":25,"column":27}},"14":{"start":{"line":28,"column":0},"end":{"line":32,"column":3}},"15":{"start":{"line":29,"column":2},"end":{"line":31,"column":3}},"16":{"start":{"line":30,"column":4},"end":{"line":30,"column":32}},"17":{"start":{"line":34,"column":0},"end":{"line":34,"column":25}},"18":{"start":{"line":35,"column":0},"end":{"line":35,"column":25}},"19":{"start":{"line":37,"column":0},"end":{"line":37,"column":20}}},"fnMap":{"0":{"name":"(anonymous_0)","decl":{"start":{"line":20,"column":10},"end":{"line":20,"column":11}},"loc":{"start":{"line":20,"column":18},"end":{"line":22,"column":3}},"line":20},"1":{"name":"(anonymous_1)","decl":{"start":{"line":23,"column":11},"end":{"line":23,"column":12}},"loc":{"start":{"line":23,"column":19},"end":{"line":26,"column":3}},"line":23},"2":{"name":"(anonymous_2)","decl":{"start":{"line":28,"column":24},"end":{"line":28,"column":25}},"loc":{"start":{"line":28,"column":37},"end":{"line":32,"column":1}},"line":28}},"branchMap":{"0":{"loc":{"start":{"line":7,"column":12},"end":{"line":7,"column":49}},"type":"binary-expr","locations":[{"start":{"line":7,"column":12},"end":{"line":7,"column":32}},{"start":{"line":7,"column":36},"end":{"line":7,"column":49}}],"line":7},"1":{"loc":{"start":{"line":12,"column":0},"end":{"line":16,"column":1}},"type":"if","locations":[{"start":{"line":12,"column":0},"end":{"line":16,"column":1}},{"start":{"line":12,"column":0},"end":{"line":16,"column":1}}],"line":12},"2":{"loc":{"start":{"line":21,"column":11},"end":{"line":21,"column":89}},"type":"binary-expr","locations":[{"start":{"line":21,"column":12},"end":{"line":21,"column":35}},{"start":{"line":21,"column":41},"end":{"line":21,"column":58}},{"start":{"line":21,"column":64},"end":{"line":21,"column":88}}],"line":21},"3":{"loc":{"start":{"line":29,"column":2},"end":{"line":31,"column":3}},"type":"if","locations":[{"start":{"line":29,"column":2},"end":{"line":31,"column":3}},{"start":{"line":29,"column":2},"end":{"line":31,"column":3}}],"line":29}},"s":{"0":7,"1":7,"2":7,"3":7,"4":7,"5":7,"6":7,"7":7,"8":0,"9":7,"10":7,"11":56,"12":49,"13":49,"14":7,"15":49,"16":49,"17":7,"18":7,"19":7},"f":{"0":56,"1":49,"2":49},"b":{"0":[7,0],"1":[0,7],"2":[56,56,49],"3":[49,0]},"_coverageSchema":"1a1c01bbd47fc00a2c39e90264f33305004495a9","hash":"f3616ced0cddea5844333f7dd67975d74317bfe4"}
,"C:\\Users\\padang pandanaran\\Desktop\\hacktiv8\\p3\\server-famstrack\\models\\news.js": {"path":"C:\\Users\\padang pandanaran\\Desktop\\hacktiv8\\p3\\server-famstrack\\models\\news.js","statementMap":{"0":{"start":{"line":4,"column":4},"end":{"line":4,"column":24}},"1":{"start":{"line":5,"column":0},"end":{"line":49,"column":2}},"2":{"start":{"line":16,"column":2},"end":{"line":47,"column":5}},"3":{"start":{"line":48,"column":2},"end":{"line":48,"column":14}}},"fnMap":{"0":{"name":"(anonymous_0)","decl":{"start":{"line":5,"column":17},"end":{"line":5,"column":18}},"loc":{"start":{"line":5,"column":43},"end":{"line":49,"column":1}},"line":5},"1":{"name":"(anonymous_1)","decl":{"start":{"line":12,"column":4},"end":{"line":12,"column":5}},"loc":{"start":{"line":12,"column":29},"end":{"line":14,"column":5}},"line":12}},"branchMap":{},"s":{"0":7,"1":7,"2":7,"3":7},"f":{"0":7,"1":7},"b":{},"_coverageSchema":"1a1c01bbd47fc00a2c39e90264f33305004495a9","hash":"cb6d6fd4a044b374d28f3d973a3ed34b4018175a"}
,"C:\\Users\\padang pandanaran\\Desktop\\hacktiv8\\p3\\server-famstrack\\models\\schedule.js": {"path":"C:\\Users\\padang pandanaran\\Desktop\\hacktiv8\\p3\\server-famstrack\\models\\schedule.js","statementMap":{"0":{"start":{"line":4,"column":4},"end":{"line":4,"column":24}},"1":{"start":{"line":5,"column":0},"end":{"line":74,"column":2}},"2":{"start":{"line":14,"column":6},"end":{"line":14,"column":78}},"3":{"start":{"line":17,"column":2},"end":{"line":72,"column":5}},"4":{"start":{"line":41,"column":20},"end":{"line":41,"column":36}},"5":{"start":{"line":42,"column":10},"end":{"line":44,"column":11}},"6":{"start":{"line":43,"column":12},"end":{"line":43,"column":63}},"7":{"start":{"line":55,"column":10},"end":{"line":57,"column":11}},"8":{"start":{"line":56,"column":12},"end":{"line":56,"column":58}},"9":{"start":{"line":73,"column":2},"end":{"line":73,"column":18}}},"fnMap":{"0":{"name":"(anonymous_0)","decl":{"start":{"line":5,"column":17},"end":{"line":5,"column":18}},"loc":{"start":{"line":5,"column":43},"end":{"line":74,"column":1}},"line":5},"1":{"name":"(anonymous_1)","decl":{"start":{"line":12,"column":4},"end":{"line":12,"column":5}},"loc":{"start":{"line":12,"column":29},"end":{"line":15,"column":5}},"line":12},"2":{"name":"(anonymous_2)","decl":{"start":{"line":40,"column":8},"end":{"line":40,"column":9}},"loc":{"start":{"line":40,"column":26},"end":{"line":45,"column":9}},"line":40},"3":{"name":"(anonymous_3)","decl":{"start":{"line":54,"column":8},"end":{"line":54,"column":9}},"loc":{"start":{"line":54,"column":26},"end":{"line":58,"column":9}},"line":54}},"branchMap":{"0":{"loc":{"start":{"line":42,"column":10},"end":{"line":44,"column":11}},"type":"if","locations":[{"start":{"line":42,"column":10},"end":{"line":44,"column":11}},{"start":{"line":42,"column":10},"end":{"line":44,"column":11}}],"line":42},"1":{"loc":{"start":{"line":42,"column":14},"end":{"line":42,"column":45}},"type":"binary-expr","locations":[{"start":{"line":42,"column":14},"end":{"line":42,"column":30}},{"start":{"line":42,"column":34},"end":{"line":42,"column":45}}],"line":42},"2":{"loc":{"start":{"line":55,"column":10},"end":{"line":57,"column":11}},"type":"if","locations":[{"start":{"line":55,"column":10},"end":{"line":57,"column":11}},{"start":{"line":55,"column":10},"end":{"line":57,"column":11}}],"line":55},"3":{"loc":{"start":{"line":55,"column":14},"end":{"line":55,"column":58}},"type":"binary-expr","locations":[{"start":{"line":55,"column":14},"end":{"line":55,"column":38}},{"start":{"line":55,"column":42},"end":{"line":55,"column":58}}],"line":55}},"s":{"0":7,"1":7,"2":7,"3":7,"4":10,"5":10,"6":6,"7":10,"8":5,"9":7},"f":{"0":7,"1":7,"2":10,"3":10},"b":{"0":[6,4],"1":[10,4],"2":[5,5],"3":[10,10]},"_coverageSchema":"1a1c01bbd47fc00a2c39e90264f33305004495a9","hash":"44813d5a3d924af05fed3996c07dfe042fc126f5"}
,"C:\\Users\\padang pandanaran\\Desktop\\hacktiv8\\p3\\server-famstrack\\models\\user.js": {"path":"C:\\Users\\padang pandanaran\\Desktop\\hacktiv8\\p3\\server-famstrack\\models\\user.js","statementMap":{"0":{"start":{"line":4,"column":4},"end":{"line":4,"column":24}},"1":{"start":{"line":5,"column":25},"end":{"line":5,"column":51}},"2":{"start":{"line":6,"column":0},"end":{"line":66,"column":2}},"3":{"start":{"line":14,"column":6},"end":{"line":14,"column":72}},"4":{"start":{"line":17,"column":2},"end":{"line":64,"column":5}},"5":{"start":{"line":61,"column":8},"end":{"line":61,"column":59}},"6":{"start":{"line":65,"column":2},"end":{"line":65,"column":14}}},"fnMap":{"0":{"name":"(anonymous_0)","decl":{"start":{"line":6,"column":17},"end":{"line":6,"column":18}},"loc":{"start":{"line":6,"column":43},"end":{"line":66,"column":1}},"line":6},"1":{"name":"(anonymous_1)","decl":{"start":{"line":13,"column":4},"end":{"line":13,"column":5}},"loc":{"start":{"line":13,"column":29},"end":{"line":15,"column":5}},"line":13},"2":{"name":"(anonymous_2)","decl":{"start":{"line":60,"column":6},"end":{"line":60,"column":7}},"loc":{"start":{"line":60,"column":29},"end":{"line":62,"column":7}},"line":60}},"branchMap":{},"s":{"0":7,"1":7,"2":7,"3":7,"4":7,"5":2,"6":7},"f":{"0":7,"1":7,"2":2},"b":{},"_coverageSchema":"1a1c01bbd47fc00a2c39e90264f33305004495a9","hash":"16924345e433e961dd30195d3efc795b3a0dca63"}
,"C:\\Users\\padang pandanaran\\Desktop\\hacktiv8\\p3\\server-famstrack\\routes\\auth.js": {"path":"C:\\Users\\padang pandanaran\\Desktop\\hacktiv8\\p3\\server-famstrack\\routes\\auth.js","statementMap":{"0":{"start":{"line":1,"column":15},"end":{"line":1,"column":42}},"1":{"start":{"line":2,"column":23},"end":{"line":2,"column":63}},"2":{"start":{"line":4,"column":0},"end":{"line":4,"column":44}},"3":{"start":{"line":5,"column":0},"end":{"line":5,"column":50}},"4":{"start":{"line":7,"column":0},"end":{"line":7,"column":23}}},"fnMap":{},"branchMap":{},"s":{"0":7,"1":7,"2":7,"3":7,"4":7},"f":{},"b":{},"_coverageSchema":"1a1c01bbd47fc00a2c39e90264f33305004495a9","hash":"838c47893f401676dabce91b8f8c6fb66e69e3aa"}
,"C:\\Users\\padang pandanaran\\Desktop\\hacktiv8\\p3\\server-famstrack\\routes\\client.js": {"path":"C:\\Users\\padang pandanaran\\Desktop\\hacktiv8\\p3\\server-famstrack\\routes\\client.js","statementMap":{"0":{"start":{"line":1,"column":15},"end":{"line":1,"column":42}},"1":{"start":{"line":2,"column":25},"end":{"line":2,"column":67}},"2":{"start":{"line":3,"column":16},"end":{"line":3,"column":49}},"3":{"start":{"line":5,"column":0},"end":{"line":5,"column":41}},"4":{"start":{"line":6,"column":0},"end":{"line":6,"column":41}},"5":{"start":{"line":7,"column":0},"end":{"line":7,"column":50}},"6":{"start":{"line":8,"column":0},"end":{"line":8,"column":53}},"7":{"start":{"line":9,"column":0},"end":{"line":9,"column":57}},"8":{"start":{"line":11,"column":0},"end":{"line":11,"column":23}}},"fnMap":{},"branchMap":{},"s":{"0":7,"1":7,"2":7,"3":7,"4":7,"5":7,"6":7,"7":7,"8":7},"f":{},"b":{},"_coverageSchema":"1a1c01bbd47fc00a2c39e90264f33305004495a9","hash":"337d15b1ad734a89e41d6200eab38f4872fcf6da"}
,"C:\\Users\\padang pandanaran\\Desktop\\hacktiv8\\p3\\server-famstrack\\routes\\device.js": {"path":"C:\\Users\\padang pandanaran\\Desktop\\hacktiv8\\p3\\server-famstrack\\routes\\device.js","statementMap":{"0":{"start":{"line":1,"column":15},"end":{"line":1,"column":42}},"1":{"start":{"line":2,"column":25},"end":{"line":2,"column":67}},"2":{"start":{"line":3,"column":16},"end":{"line":3,"column":49}},"3":{"start":{"line":5,"column":0},"end":{"line":5,"column":41}},"4":{"start":{"line":6,"column":0},"end":{"line":6,"column":41}},"5":{"start":{"line":7,"column":0},"end":{"line":7,"column":50}},"6":{"start":{"line":8,"column":0},"end":{"line":8,"column":53}},"7":{"start":{"line":9,"column":0},"end":{"line":9,"column":57}},"8":{"start":{"line":11,"column":0},"end":{"line":11,"column":23}}},"fnMap":{},"branchMap":{},"s":{"0":7,"1":7,"2":7,"3":7,"4":7,"5":7,"6":7,"7":7,"8":7},"f":{},"b":{},"_coverageSchema":"1a1c01bbd47fc00a2c39e90264f33305004495a9","hash":"729e65948c78356acce791acf554ddf7f9e42878"}
,"C:\\Users\\padang pandanaran\\Desktop\\hacktiv8\\p3\\server-famstrack\\routes\\family.js": {"path":"C:\\Users\\padang pandanaran\\Desktop\\hacktiv8\\p3\\server-famstrack\\routes\\family.js","statementMap":{"0":{"start":{"line":1,"column":15},"end":{"line":1,"column":42}},"1":{"start":{"line":2,"column":25},"end":{"line":2,"column":67}},"2":{"start":{"line":3,"column":16},"end":{"line":3,"column":49}},"3":{"start":{"line":5,"column":0},"end":{"line":5,"column":41}},"4":{"start":{"line":6,"column":0},"end":{"line":6,"column":41}},"5":{"start":{"line":7,"column":0},"end":{"line":7,"column":50}},"6":{"start":{"line":8,"column":0},"end":{"line":8,"column":53}},"7":{"start":{"line":9,"column":0},"end":{"line":9,"column":57}},"8":{"start":{"line":11,"column":0},"end":{"line":11,"column":23}}},"fnMap":{},"branchMap":{},"s":{"0":7,"1":7,"2":7,"3":7,"4":7,"5":7,"6":7,"7":7,"8":7},"f":{},"b":{},"_coverageSchema":"1a1c01bbd47fc00a2c39e90264f33305004495a9","hash":"e975501bc97bfcf9b1bc2803517e9aab25ab0363"}
,"C:\\Users\\padang pandanaran\\Desktop\\hacktiv8\\p3\\server-famstrack\\routes\\group.js": {"path":"C:\\Users\\padang pandanaran\\Desktop\\hacktiv8\\p3\\server-famstrack\\routes\\group.js","statementMap":{"0":{"start":{"line":1,"column":15},"end":{"line":1,"column":42}},"1":{"start":{"line":2,"column":24},"end":{"line":2,"column":65}},"2":{"start":{"line":3,"column":21},"end":{"line":3,"column":54}},"3":{"start":{"line":4,"column":16},"end":{"line":4,"column":49}},"4":{"start":{"line":6,"column":0},"end":{"line":6,"column":48}},"5":{"start":{"line":7,"column":0},"end":{"line":7,"column":46}},"6":{"start":{"line":8,"column":0},"end":{"line":8,"column":50}},"7":{"start":{"line":9,"column":0},"end":{"line":9,"column":51}},"8":{"start":{"line":10,"column":0},"end":{"line":10,"column":54}},"9":{"start":{"line":12,"column":0},"end":{"line":12,"column":23}}},"fnMap":{},"branchMap":{},"s":{"0":7,"1":7,"2":7,"3":7,"4":7,"5":7,"6":7,"7":7,"8":7,"9":7},"f":{},"b":{},"_coverageSchema":"1a1c01bbd47fc00a2c39e90264f33305004495a9","hash":"e4a3c1ab44060b0d6fb705f5334de08f7f18a11d"}
,"C:\\Users\\padang pandanaran\\Desktop\\hacktiv8\\p3\\server-famstrack\\routes\\index.js": {"path":"C:\\Users\\padang pandanaran\\Desktop\\hacktiv8\\p3\\server-famstrack\\routes\\index.js","statementMap":{"0":{"start":{"line":1,"column":15},"end":{"line":1,"column":42}},"1":{"start":{"line":2,"column":16},"end":{"line":2,"column":49}},"2":{"start":{"line":3,"column":19},"end":{"line":3,"column":36}},"3":{"start":{"line":4,"column":21},"end":{"line":4,"column":40}},"4":{"start":{"line":5,"column":21},"end":{"line":5,"column":40}},"5":{"start":{"line":6,"column":20},"end":{"line":6,"column":38}},"6":{"start":{"line":7,"column":19},"end":{"line":7,"column":36}},"7":{"start":{"line":8,"column":23},"end":{"line":8,"column":44}},"8":{"start":{"line":9,"column":21},"end":{"line":9,"column":40}},"9":{"start":{"line":10,"column":25},"end":{"line":10,"column":67}},"10":{"start":{"line":13,"column":0},"end":{"line":13,"column":22}},"11":{"start":{"line":14,"column":0},"end":{"line":14,"column":59}},"12":{"start":{"line":15,"column":0},"end":{"line":15,"column":19}},"13":{"start":{"line":16,"column":0},"end":{"line":16,"column":36}},"14":{"start":{"line":17,"column":0},"end":{"line":17,"column":31}},"15":{"start":{"line":18,"column":0},"end":{"line":18,"column":36}},"16":{"start":{"line":19,"column":0},"end":{"line":19,"column":37}},"17":{"start":{"line":20,"column":0},"end":{"line":20,"column":34}},"18":{"start":{"line":21,"column":0},"end":{"line":21,"column":37}},"19":{"start":{"line":23,"column":0},"end":{"line":23,"column":23}}},"fnMap":{},"branchMap":{},"s":{"0":7,"1":7,"2":7,"3":7,"4":7,"5":7,"6":7,"7":7,"8":7,"9":7,"10":7,"11":7,"12":7,"13":7,"14":7,"15":7,"16":7,"17":7,"18":7,"19":7},"f":{},"b":{},"_coverageSchema":"1a1c01bbd47fc00a2c39e90264f33305004495a9","hash":"9467593b14dcabf81ed26298550d19a3c61d181f"}
,"C:\\Users\\padang pandanaran\\Desktop\\hacktiv8\\p3\\server-famstrack\\routes\\news.js": {"path":"C:\\Users\\padang pandanaran\\Desktop\\hacktiv8\\p3\\server-famstrack\\routes\\news.js","statementMap":{"0":{"start":{"line":1,"column":15},"end":{"line":1,"column":42}},"1":{"start":{"line":2,"column":16},"end":{"line":2,"column":49}},"2":{"start":{"line":3,"column":23},"end":{"line":3,"column":63}},"3":{"start":{"line":5,"column":0},"end":{"line":5,"column":38}},"4":{"start":{"line":6,"column":0},"end":{"line":6,"column":40}},"5":{"start":{"line":7,"column":0},"end":{"line":7,"column":45}},"6":{"start":{"line":8,"column":0},"end":{"line":8,"column":50}},"7":{"start":{"line":9,"column":0},"end":{"line":9,"column":53}},"8":{"start":{"line":11,"column":0},"end":{"line":11,"column":23}}},"fnMap":{},"branchMap":{},"s":{"0":7,"1":7,"2":7,"3":7,"4":7,"5":7,"6":7,"7":7,"8":7},"f":{},"b":{},"_coverageSchema":"1a1c01bbd47fc00a2c39e90264f33305004495a9","hash":"e9a5f15af2c44a52d157861063c76ed49fcd52a4"}
,"C:\\Users\\padang pandanaran\\Desktop\\hacktiv8\\p3\\server-famstrack\\routes\\schedule.js": {"path":"C:\\Users\\padang pandanaran\\Desktop\\hacktiv8\\p3\\server-famstrack\\routes\\schedule.js","statementMap":{"0":{"start":{"line":1,"column":15},"end":{"line":1,"column":42}},"1":{"start":{"line":2,"column":16},"end":{"line":2,"column":49}},"2":{"start":{"line":3,"column":27},"end":{"line":3,"column":71}},"3":{"start":{"line":5,"column":0},"end":{"line":5,"column":54}},"4":{"start":{"line":7,"column":0},"end":{"line":7,"column":61}},"5":{"start":{"line":8,"column":0},"end":{"line":8,"column":70}},"6":{"start":{"line":9,"column":0},"end":{"line":9,"column":73}},"7":{"start":{"line":11,"column":0},"end":{"line":11,"column":23}}},"fnMap":{},"branchMap":{},"s":{"0":7,"1":7,"2":7,"3":7,"4":7,"5":7,"6":7,"7":7},"f":{},"b":{},"_coverageSchema":"1a1c01bbd47fc00a2c39e90264f33305004495a9","hash":"fb0b201ad931ced8299b2cc0c53c157da014e058"}
}
