TN:
SF:app.js
FNF:0
FNH:0
DA:1,7
DA:2,7
DA:3,7
DA:4,7
DA:6,7
DA:8,7
DA:9,7
DA:11,7
DA:12,7
DA:13,7
DA:15,7
LF:11
LH:11
BRF:0
BRH:0
end_of_record
TN:
SF:__test__\helpers\clear-client.js
FN:3,(anonymous_0)
FNF:1
FNH:1
FNDA:1,(anonymous_0)
DA:1,1
DA:3,1
DA:4,1
DA:7,1
LF:4
LH:4
BRF:0
BRH:0
end_of_record
TN:
SF:__test__\helpers\clear-device.js
FN:3,(anonymous_0)
FNF:1
FNH:1
FNDA:1,(anonymous_0)
DA:1,1
DA:3,1
DA:4,1
DA:7,1
LF:4
LH:4
BRF:0
BRH:0
end_of_record
TN:
SF:__test__\helpers\clear-family.js
FN:3,(anonymous_0)
FNF:1
FNH:1
FNDA:1,(anonymous_0)
DA:1,1
DA:3,1
DA:4,1
DA:7,1
LF:4
LH:4
BRF:0
BRH:0
end_of_record
TN:
SF:__test__\helpers\clear-groups.js
FN:4,(anonymous_0)
FNF:1
FNH:1
FNDA:1,(anonymous_0)
DA:1,1
DA:2,1
DA:4,1
DA:5,1
DA:14,1
LF:5
LH:5
BRF:0
BRH:0
end_of_record
TN:
SF:__test__\helpers\clear-news.js
FN:4,(anonymous_0)
FNF:1
FNH:1
FNDA:1,(anonymous_0)
DA:1,1
DA:2,1
DA:4,1
DA:5,1
DA:14,1
LF:5
LH:5
BRF:0
BRH:0
end_of_record
TN:
SF:__test__\helpers\clear-schedule.js
FN:4,(anonymous_0)
FNF:1
FNH:1
FNDA:1,(anonymous_0)
DA:1,1
DA:2,1
DA:4,1
DA:5,1
DA:14,1
LF:5
LH:5
BRF:0
BRH:0
end_of_record
TN:
SF:__test__\helpers\clear-user.js
FN:4,(anonymous_0)
FNF:1
FNH:1
FNDA:1,(anonymous_0)
DA:1,1
DA:2,1
DA:4,1
DA:5,1
DA:14,1
LF:5
LH:5
BRF:0
BRH:0
end_of_record
TN:
SF:config\config.js
FNF:0
FNH:0
DA:1,7
DA:2,7
DA:4,7
DA:6,7
DA:7,7
DA:8,7
DA:9,7
DA:10,7
DA:13,7
LF:9
LH:9
BRDA:1,0,0,7
BRDA:1,0,1,0
BRDA:4,1,0,7
BRDA:4,1,1,0
BRDA:4,2,0,7
BRDA:4,2,1,7
BRF:6
BRH:4
end_of_record
TN:
SF:controllers\authController.js
FN:6,(anonymous_0)
FN:29,(anonymous_1)
FNF:2
FNH:2
FNDA:16,(anonymous_0)
FNDA:7,(anonymous_1)
DA:1,7
DA:2,7
DA:3,7
DA:7,16
DA:8,16
DA:10,16
DA:11,16
DA:13,16
DA:14,14
DA:16,13
DA:21,13
DA:23,13
DA:25,2
DA:30,7
DA:31,7
DA:32,7
DA:34,7
DA:36,1
DA:42,6
DA:47,7
LF:20
LH:20
BRDA:11,0,0,2
BRDA:11,0,1,14
BRDA:14,1,0,1
BRDA:14,1,1,13
BRF:4
BRH:4
end_of_record
TN:
SF:controllers\clientController.js
FN:4,(anonymous_0)
FN:14,(anonymous_1)
FN:27,(anonymous_2)
FN:45,(anonymous_3)
FN:69,(anonymous_4)
FNF:5
FNH:5
FNDA:1,(anonymous_0)
FNDA:2,(anonymous_1)
FNDA:9,(anonymous_2)
FNDA:8,(anonymous_3)
FNDA:2,(anonymous_4)
DA:1,7
DA:5,1
DA:6,1
DA:8,1
DA:10,0
DA:15,2
DA:16,2
DA:18,2
DA:19,2
DA:21,1
DA:23,0
DA:28,9
DA:29,9
DA:30,9
DA:32,9
DA:33,7
DA:34,7
DA:37,9
DA:38,2
DA:41,7
DA:46,8
DA:47,8
DA:48,8
DA:49,8
DA:51,8
DA:52,8
DA:54,8
DA:55,6
DA:56,6
DA:59,8
DA:60,1
DA:62,1
DA:65,7
DA:70,2
DA:71,2
DA:72,2
DA:74,2
DA:75,1
DA:77,1
DA:81,0
DA:86,7
LF:41
LH:38
BRDA:19,0,0,1
BRDA:19,0,1,1
BRDA:32,1,0,7
BRDA:32,1,1,2
BRDA:34,2,0,0
BRDA:34,2,1,7
BRDA:52,3,0,0
BRDA:52,3,1,8
BRDA:54,4,0,6
BRDA:54,4,1,2
BRDA:56,5,0,0
BRDA:56,5,1,6
BRDA:74,6,0,1
BRDA:74,6,1,1
BRF:14
BRH:11
end_of_record
TN:
SF:controllers\deviceController.js
FN:4,(anonymous_0)
FN:13,(anonymous_1)
FN:26,(anonymous_2)
FN:43,(anonymous_3)
FN:66,(anonymous_4)
FN:84,(anonymous_5)
FNF:6
FNH:6
FNDA:1,(anonymous_0)
FNDA:2,(anonymous_1)
FNDA:11,(anonymous_2)
FNDA:9,(anonymous_3)
FNDA:6,(anonymous_4)
FNDA:2,(anonymous_5)
DA:1,7
DA:5,1
DA:6,1
DA:7,1
DA:9,0
DA:14,2
DA:15,2
DA:17,2
DA:18,2
DA:20,1
DA:22,0
DA:27,11
DA:28,11
DA:29,11
DA:31,11
DA:32,1
DA:33,1
DA:36,10
DA:37,3
DA:39,7
DA:44,9
DA:45,9
DA:46,9
DA:47,9
DA:49,9
DA:50,9
DA:52,9
DA:53,1
DA:54,1
DA:57,8
DA:58,1
DA:60,1
DA:62,7
DA:67,6
DA:68,6
DA:69,6
DA:70,6
DA:72,6
DA:73,6
DA:75,6
DA:76,1
DA:78,1
DA:80,5
DA:85,2
DA:86,2
DA:87,2
DA:89,2
DA:90,1
DA:92,1
DA:96,0
DA:101,7
LF:51
LH:48
BRDA:18,0,0,1
BRDA:18,0,1,1
BRDA:29,1,0,10
BRDA:29,1,1,1
BRDA:31,2,0,1
BRDA:31,2,1,10
BRDA:33,3,0,1
BRDA:33,3,1,0
BRDA:47,4,0,8
BRDA:47,4,1,1
BRDA:50,5,0,0
BRDA:50,5,1,9
BRDA:52,6,0,1
BRDA:52,6,1,8
BRDA:54,7,0,1
BRDA:54,7,1,0
BRDA:73,8,0,0
BRDA:73,8,1,6
BRDA:89,9,0,1
BRDA:89,9,1,1
BRF:20
BRH:16
end_of_record
TN:
SF:controllers\familyController.js
FN:4,(anonymous_0)
FN:20,(anonymous_1)
FN:47,(anonymous_2)
FN:65,(anonymous_3)
FN:89,(anonymous_4)
FNF:5
FNH:5
FNDA:1,(anonymous_0)
FNDA:2,(anonymous_1)
FNDA:8,(anonymous_2)
FNDA:6,(anonymous_3)
FNDA:2,(anonymous_4)
DA:1,7
DA:5,1
DA:6,1
DA:14,1
DA:16,0
DA:21,2
DA:22,2
DA:24,2
DA:39,2
DA:41,1
DA:43,0
DA:48,8
DA:49,8
DA:50,8
DA:52,8
DA:53,6
DA:54,6
DA:57,8
DA:58,3
DA:61,5
DA:66,6
DA:67,6
DA:68,6
DA:69,6
DA:71,6
DA:72,6
DA:74,6
DA:75,4
DA:76,4
DA:79,6
DA:80,1
DA:82,1
DA:85,5
DA:90,2
DA:91,2
DA:92,2
DA:94,2
DA:95,1
DA:97,1
DA:101,0
DA:107,7
LF:41
LH:38
BRDA:39,0,0,1
BRDA:39,0,1,1
BRDA:52,1,0,6
BRDA:52,1,1,2
BRDA:54,2,0,0
BRDA:54,2,1,6
BRDA:72,3,0,0
BRDA:72,3,1,6
BRDA:74,4,0,4
BRDA:74,4,1,2
BRDA:76,5,0,0
BRDA:76,5,1,4
BRDA:94,6,0,1
BRDA:94,6,1,1
BRF:14
BRH:11
end_of_record
TN:
SF:controllers\groupController.js
FN:4,(anonymous_0)
FN:20,(anonymous_1)
FN:30,(anonymous_2)
FN:42,(anonymous_3)
FN:62,(anonymous_4)
FNF:5
FNH:5
FNDA:5,(anonymous_0)
FNDA:1,(anonymous_1)
FNDA:2,(anonymous_2)
FNDA:5,(anonymous_3)
FNDA:2,(anonymous_4)
DA:1,7
DA:5,5
DA:6,5
DA:7,5
DA:13,5
DA:14,2
DA:16,3
DA:21,1
DA:22,1
DA:24,1
DA:26,0
DA:31,2
DA:32,2
DA:33,2
DA:35,2
DA:36,1
DA:38,0
DA:43,5
DA:44,5
DA:45,5
DA:46,5
DA:47,5
DA:52,5
DA:53,4
DA:54,1
DA:56,1
DA:58,3
DA:63,2
DA:64,2
DA:65,2
DA:67,2
DA:68,1
DA:70,1
DA:72,0
DA:77,7
LF:35
LH:32
BRDA:35,0,0,1
BRDA:35,0,1,1
BRDA:52,1,0,1
BRDA:52,1,1,4
BRDA:67,2,0,1
BRDA:67,2,1,1
BRF:6
BRH:6
end_of_record
TN:
SF:controllers\newsController.js
FN:4,(anonymous_0)
FN:21,(anonymous_1)
FN:31,(anonymous_2)
FN:43,(anonymous_3)
FN:65,(anonymous_4)
FNF:5
FNH:5
FNDA:5,(anonymous_0)
FNDA:1,(anonymous_1)
FNDA:2,(anonymous_2)
FNDA:6,(anonymous_3)
FNDA:2,(anonymous_4)
DA:1,7
DA:5,5
DA:6,5
DA:7,5
DA:14,5
DA:15,1
DA:17,4
DA:22,1
DA:23,1
DA:25,1
DA:27,0
DA:32,2
DA:33,2
DA:34,2
DA:36,2
DA:37,1
DA:39,0
DA:44,6
DA:45,6
DA:46,6
DA:47,6
DA:48,6
DA:55,6
DA:56,5
DA:57,1
DA:59,1
DA:61,4
DA:66,2
DA:67,2
DA:68,2
DA:70,2
DA:71,1
DA:73,1
DA:75,0
DA:80,7
LF:35
LH:32
BRDA:36,0,0,1
BRDA:36,0,1,1
BRDA:55,1,0,1
BRDA:55,1,1,5
BRDA:70,2,0,1
BRDA:70,2,1,1
BRF:6
BRH:6
end_of_record
TN:
SF:controllers\scheduleController.js
FN:4,(anonymous_0)
FN:24,(anonymous_1)
FN:37,(anonymous_2)
FN:57,(anonymous_3)
FNF:4
FNH:4
FNDA:10,(anonymous_0)
FNDA:1,(anonymous_1)
FNDA:11,(anonymous_2)
FNDA:4,(anonymous_3)
DA:1,7
DA:5,10
DA:6,10
DA:7,10
DA:8,10
DA:10,10
DA:11,10
DA:13,8
DA:15,8
DA:16,8
DA:17,7
DA:18,1
DA:20,6
DA:25,1
DA:26,1
DA:27,1
DA:29,1
DA:30,1
DA:31,1
DA:33,0
DA:38,11
DA:39,11
DA:40,11
DA:41,11
DA:42,11
DA:43,11
DA:44,11
DA:46,11
DA:47,9
DA:49,8
DA:50,1
DA:51,1
DA:53,7
DA:58,4
DA:59,4
DA:60,4
DA:61,4
DA:62,4
DA:64,4
DA:65,2
DA:67,1
DA:68,1
DA:70,0
DA:75,7
LF:44
LH:42
BRDA:11,0,0,2
BRDA:11,0,1,8
BRDA:16,1,0,1
BRDA:16,1,1,7
BRDA:29,2,0,0
BRDA:29,2,1,1
BRDA:46,3,0,2
BRDA:46,3,1,9
BRDA:47,4,0,1
BRDA:47,4,1,8
BRDA:64,5,0,2
BRDA:64,5,1,2
BRDA:65,6,0,1
BRDA:65,6,1,1
BRF:14
BRH:13
end_of_record
TN:
SF:helpers\decodedToken.js
FN:4,(anonymous_0)
FNF:1
FNH:1
FNDA:161,(anonymous_0)
DA:1,7
DA:2,7
DA:4,7
DA:5,161
LF:4
LH:4
BRF:0
BRH:0
end_of_record
TN:
SF:helpers\generateToken.js
FN:4,(anonymous_0)
FNF:1
FNH:1
FNDA:13,(anonymous_0)
DA:1,7
DA:2,7
DA:4,7
DA:5,13
LF:4
LH:4
BRF:0
BRH:0
end_of_record
TN:
SF:helpers\hash.js
FN:3,(anonymous_0)
FN:8,(anonymous_1)
FNF:2
FNH:2
FNDA:2,(anonymous_0)
FNDA:14,(anonymous_1)
DA:1,7
DA:3,7
DA:4,2
DA:5,2
DA:8,7
DA:9,14
DA:12,7
LF:7
LH:7
BRF:0
BRH:0
end_of_record
TN:
SF:middlewares\errorHandler.js
FN:1,(anonymous_0)
FN:4,(anonymous_1)
FN:12,(anonymous_2)
FNF:3
FNH:3
FNDA:140,(anonymous_0)
FNDA:141,(anonymous_1)
FNDA:3,(anonymous_2)
DA:1,7
DA:2,140
DA:4,141
DA:6,73
DA:9,73
DA:12,3
DA:14,3
DA:17,3
DA:19,3
DA:22,3
DA:25,19
DA:28,19
DA:31,22
DA:34,22
DA:37,1
DA:40,1
DA:43,19
DA:46,19
LF:18
LH:18
BRDA:2,0,0,73
BRDA:2,0,1,3
BRDA:2,0,2,3
BRDA:2,0,3,19
BRDA:2,0,4,22
BRDA:2,0,5,1
BRDA:2,0,6,19
BRF:7
BRH:7
end_of_record
TN:
SF:middlewares\isAdmin.js
FN:3,(anonymous_0)
FNF:1
FNH:1
FNDA:129,(anonymous_0)
DA:1,7
DA:3,7
DA:4,129
DA:5,129
DA:7,129
DA:8,129
DA:10,110
DA:12,0
LF:8
LH:7
BRDA:7,0,0,0
BRDA:7,0,1,129
BRDA:8,1,0,19
BRDA:8,1,1,110
BRF:4
BRH:3
end_of_record
TN:
SF:middlewares\isLogin.js
FN:4,(anonymous_0)
FNF:1
FNH:1
FNDA:161,(anonymous_0)
DA:1,7
DA:2,7
DA:4,7
DA:5,161
DA:6,161
DA:7,161
DA:9,142
DA:11,142
DA:13,142
DA:14,142
DA:16,19
LF:11
LH:11
BRDA:11,0,0,0
BRDA:11,0,1,142
BRF:2
BRH:1
end_of_record
TN:
SF:models\client.js
FN:5,(anonymous_0)
FN:12,(anonymous_1)
FNF:2
FNH:2
FNDA:7,(anonymous_0)
FNDA:7,(anonymous_1)
DA:4,7
DA:5,7
DA:13,7
DA:14,7
DA:15,7
DA:18,7
DA:88,7
LF:7
LH:7
BRF:0
BRH:0
end_of_record
TN:
SF:models\device.js
FN:5,(anonymous_0)
FN:12,(anonymous_1)
FNF:2
FNH:2
FNDA:7,(anonymous_0)
FNDA:7,(anonymous_1)
DA:4,7
DA:5,7
DA:13,7
DA:16,7
DA:69,7
LF:5
LH:5
BRF:0
BRH:0
end_of_record
TN:
SF:models\family.js
FN:5,(anonymous_0)
FN:12,(anonymous_1)
FNF:2
FNH:2
FNDA:7,(anonymous_0)
FNDA:7,(anonymous_1)
DA:4,7
DA:5,7
DA:13,7
DA:14,7
DA:17,7
DA:68,7
LF:6
LH:6
BRF:0
BRH:0
end_of_record
TN:
SF:models\group.js
FN:5,(anonymous_0)
FN:12,(anonymous_1)
FNF:2
FNH:2
FNDA:7,(anonymous_0)
FNDA:7,(anonymous_1)
DA:4,7
DA:5,7
DA:13,7
DA:14,7
DA:17,7
DA:38,7
LF:6
LH:6
BRF:0
BRH:0
end_of_record
TN:
SF:models\index.js
FN:20,(anonymous_0)
FN:23,(anonymous_1)
FN:28,(anonymous_2)
FNF:3
FNH:3
FNDA:56,(anonymous_0)
FNDA:49,(anonymous_1)
FNDA:49,(anonymous_2)
DA:3,7
DA:4,7
DA:5,7
DA:6,7
DA:7,7
DA:8,7
DA:9,7
DA:12,7
DA:13,0
DA:15,7
DA:18,7
DA:21,56
DA:24,49
DA:25,49
DA:28,7
DA:29,49
DA:30,49
DA:34,7
DA:35,7
DA:37,7
LF:20
LH:19
BRDA:7,0,0,7
BRDA:7,0,1,0
BRDA:12,1,0,0
BRDA:12,1,1,7
BRDA:21,2,0,56
BRDA:21,2,1,56
BRDA:21,2,2,49
BRDA:29,3,0,49
BRDA:29,3,1,0
BRF:9
BRH:6
end_of_record
TN:
SF:models\news.js
FN:5,(anonymous_0)
FN:12,(anonymous_1)
FNF:2
FNH:2
FNDA:7,(anonymous_0)
FNDA:7,(anonymous_1)
DA:4,7
DA:5,7
DA:16,7
DA:48,7
LF:4
LH:4
BRF:0
BRH:0
end_of_record
TN:
SF:models\schedule.js
FN:5,(anonymous_0)
FN:12,(anonymous_1)
FN:40,(anonymous_2)
FN:54,(anonymous_3)
FNF:4
FNH:4
FNDA:7,(anonymous_0)
FNDA:7,(anonymous_1)
FNDA:10,(anonymous_2)
FNDA:10,(anonymous_3)
DA:4,7
DA:5,7
DA:14,7
DA:17,7
DA:41,10
DA:42,10
DA:43,6
DA:55,10
DA:56,5
DA:73,7
LF:10
LH:10
BRDA:42,0,0,6
BRDA:42,0,1,4
BRDA:42,1,0,10
BRDA:42,1,1,4
BRDA:55,2,0,5
BRDA:55,2,1,5
BRDA:55,3,0,10
BRDA:55,3,1,10
BRF:8
BRH:8
end_of_record
TN:
SF:models\user.js
FN:6,(anonymous_0)
FN:13,(anonymous_1)
FN:60,(anonymous_2)
FNF:3
FNH:3
FNDA:7,(anonymous_0)
FNDA:7,(anonymous_1)
FNDA:2,(anonymous_2)
DA:4,7
DA:5,7
DA:6,7
DA:14,7
DA:17,7
DA:61,2
DA:65,7
LF:7
LH:7
BRF:0
BRH:0
end_of_record
TN:
SF:routes\auth.js
FNF:0
FNH:0
DA:1,7
DA:2,7
DA:4,7
DA:5,7
DA:7,7
LF:5
LH:5
BRF:0
BRH:0
end_of_record
TN:
SF:routes\client.js
FNF:0
FNH:0
DA:1,7
DA:2,7
DA:3,7
DA:5,7
DA:6,7
DA:7,7
DA:8,7
DA:9,7
DA:11,7
LF:9
LH:9
BRF:0
BRH:0
end_of_record
TN:
SF:routes\device.js
FNF:0
FNH:0
DA:1,7
DA:2,7
DA:3,7
DA:5,7
DA:6,7
DA:7,7
DA:8,7
DA:9,7
DA:11,7
LF:9
LH:9
BRF:0
BRH:0
end_of_record
TN:
SF:routes\family.js
FNF:0
FNH:0
DA:1,7
DA:2,7
DA:3,7
DA:5,7
DA:6,7
DA:7,7
DA:8,7
DA:9,7
DA:11,7
LF:9
LH:9
BRF:0
BRH:0
end_of_record
TN:
SF:routes\group.js
FNF:0
FNH:0
DA:1,7
DA:2,7
DA:3,7
DA:4,7
DA:6,7
DA:7,7
DA:8,7
DA:9,7
DA:10,7
DA:12,7
LF:10
LH:10
BRF:0
BRH:0
end_of_record
TN:
SF:routes\index.js
FNF:0
FNH:0
DA:1,7
DA:2,7
DA:3,7
DA:4,7
DA:5,7
DA:6,7
DA:7,7
DA:8,7
DA:9,7
DA:10,7
DA:13,7
DA:14,7
DA:15,7
DA:16,7
DA:17,7
DA:18,7
DA:19,7
DA:20,7
DA:21,7
DA:23,7
LF:20
LH:20
BRF:0
BRH:0
end_of_record
TN:
SF:routes\news.js
FNF:0
FNH:0
DA:1,7
DA:2,7
DA:3,7
DA:5,7
DA:6,7
DA:7,7
DA:8,7
DA:9,7
DA:11,7
LF:9
LH:9
BRF:0
BRH:0
end_of_record
TN:
SF:routes\schedule.js
FNF:0
FNH:0
DA:1,7
DA:2,7
DA:3,7
DA:5,7
DA:7,7
DA:8,7
DA:9,7
DA:11,7
LF:8
LH:8
BRF:0
BRH:0
end_of_record
